This is pdfTeX, Version 3.14159265-2.6-1.40.18 (TeX Live 2017) (preloaded format=pdflatex 2017.11.8)  10 APR 2019 11:46
entering extended mode
 restricted \write18 enabled.
 file:line:error style messages enabled.
 %&-line parsing enabled.
**TAMC2019.tex
(./TAMC2019.tex
LaTeX2e <2017-04-15>
Babel <3.15> and hyphenation patterns for 84 language(s) loaded.
(/usr/local/texlive/2017/texmf-dist/tex/latex/beamer/beamer.cls
Document Class: beamer 2017/08/22 v3.43 A class for typesetting presentations
(/usr/local/texlive/2017/texmf-dist/tex/latex/beamer/beamerbasemodes.sty
(/usr/local/texlive/2017/texmf-dist/tex/latex/etoolbox/etoolbox.sty
Package: etoolbox 2017/01/02 v2.4 e-TeX tools for LaTeX (JAW)
\etb@tempcnta=\count79
)
\beamer@tempbox=\box26
\beamer@tempcount=\count80
\c@beamerpauses=\count81

(/usr/local/texlive/2017/texmf-dist/tex/latex/beamer/beamerbasedecode.sty
\beamer@slideinframe=\count82
\beamer@minimum=\count83
)
\beamer@commentbox=\box27
\beamer@modecount=\count84
)
(/usr/local/texlive/2017/texmf-dist/tex/generic/oberdiek/ifpdf.sty
Package: ifpdf 2017/03/15 v3.2 Provides the ifpdf switch
)
\headdp=\dimen102
\footheight=\dimen103
\sidebarheight=\dimen104
\beamer@tempdim=\dimen105
\beamer@finalheight=\dimen106
\beamer@animht=\dimen107
\beamer@animdp=\dimen108
\beamer@animwd=\dimen109
\beamer@leftmargin=\dimen110
\beamer@rightmargin=\dimen111
\beamer@leftsidebar=\dimen112
\beamer@rightsidebar=\dimen113
\beamer@boxsize=\dimen114
\beamer@vboxoffset=\dimen115
\beamer@descdefault=\dimen116
\beamer@descriptionwidth=\dimen117
\beamer@lastskip=\skip41
\beamer@areabox=\box28
\beamer@animcurrent=\box29
\beamer@animshowbox=\box30
\beamer@sectionbox=\box31
\beamer@logobox=\box32
\beamer@linebox=\box33
\beamer@sectioncount=\count85
\beamer@subsubsectionmax=\count86
\beamer@subsectionmax=\count87
\beamer@sectionmax=\count88
\beamer@totalheads=\count89
\beamer@headcounter=\count90
\beamer@partstartpage=\count91
\beamer@sectionstartpage=\count92
\beamer@subsectionstartpage=\count93
\beamer@animationtempa=\count94
\beamer@animationtempb=\count95
\beamer@xpos=\count96
\beamer@ypos=\count97
\beamer@showpartnumber=\count98
\beamer@currentsubsection=\count99
\beamer@coveringdepth=\count100
\beamer@sectionadjust=\count101
\beamer@tocsectionnumber=\count102

(/usr/local/texlive/2017/texmf-dist/tex/latex/beamer/beamerbaseoptions.sty
(/usr/local/texlive/2017/texmf-dist/tex/latex/graphics/keyval.sty
Package: keyval 2014/10/28 v1.15 key=value parser (DPC)
\KV@toks@=\toks14
))
\beamer@paperwidth=\skip42
\beamer@paperheight=\skip43

(/usr/local/texlive/2017/texmf-dist/tex/latex/geometry/geometry.sty
Package: geometry 2010/09/12 v5.6 Page Geometry

(/usr/local/texlive/2017/texmf-dist/tex/generic/oberdiek/ifvtex.sty
Package: ifvtex 2016/05/16 v1.6 Detect VTeX and its facilities (HO)
Package ifvtex Info: VTeX not detected.
)
(/usr/local/texlive/2017/texmf-dist/tex/generic/ifxetex/ifxetex.sty
Package: ifxetex 2010/09/12 v0.6 Provides ifxetex conditional
)
\Gm@cnth=\count103
\Gm@cntv=\count104
\c@Gm@tempcnt=\count105
\Gm@bindingoffset=\dimen118
\Gm@wd@mp=\dimen119
\Gm@odd@mp=\dimen120
\Gm@even@mp=\dimen121
\Gm@layoutwidth=\dimen122
\Gm@layoutheight=\dimen123
\Gm@layouthoffset=\dimen124
\Gm@layoutvoffset=\dimen125
\Gm@dimlist=\toks15
)
(/usr/local/texlive/2017/texmf-dist/tex/latex/base/size11.clo
File: size11.clo 2014/09/29 v1.4h Standard LaTeX file (size option)
)
(/usr/local/texlive/2017/texmf-dist/tex/latex/pgf/basiclayer/pgfcore.sty
(/usr/local/texlive/2017/texmf-dist/tex/latex/graphics/graphicx.sty
Package: graphicx 2017/06/01 v1.1a Enhanced LaTeX Graphics (DPC,SPQR)

(/usr/local/texlive/2017/texmf-dist/tex/latex/graphics/graphics.sty
Package: graphics 2017/06/25 v1.2c Standard LaTeX Graphics (DPC,SPQR)

(/usr/local/texlive/2017/texmf-dist/tex/latex/graphics/trig.sty
Package: trig 2016/01/03 v1.10 sin cos tan (DPC)
)
(/usr/local/texlive/2017/texmf-dist/tex/latex/graphics-cfg/graphics.cfg
File: graphics.cfg 2016/06/04 v1.11 sample graphics configuration
)
Package graphics Info: Driver file: pdftex.def on input line 99.

(/usr/local/texlive/2017/texmf-dist/tex/latex/graphics-def/pdftex.def
File: pdftex.def 2017/06/24 v1.0g Graphics/color driver for pdftex
))
\Gin@req@height=\dimen126
\Gin@req@width=\dimen127
)
(/usr/local/texlive/2017/texmf-dist/tex/latex/pgf/systemlayer/pgfsys.sty
(/usr/local/texlive/2017/texmf-dist/tex/latex/pgf/utilities/pgfrcs.sty
(/usr/local/texlive/2017/texmf-dist/tex/generic/pgf/utilities/pgfutil-common.te
x
\pgfutil@everybye=\toks16
\pgfutil@tempdima=\dimen128
\pgfutil@tempdimb=\dimen129

(/usr/local/texlive/2017/texmf-dist/tex/generic/pgf/utilities/pgfutil-common-li
sts.tex))
(/usr/local/texlive/2017/texmf-dist/tex/generic/pgf/utilities/pgfutil-latex.def
\pgfutil@abb=\box34
(/usr/local/texlive/2017/texmf-dist/tex/latex/ms/everyshi.sty
Package: everyshi 2001/05/15 v3.00 EveryShipout Package (MS)
))
(/usr/local/texlive/2017/texmf-dist/tex/generic/pgf/utilities/pgfrcs.code.tex
Package: pgfrcs 2015/08/07 v3.0.1a (rcs-revision 1.31)
))
(/usr/local/texlive/2017/texmf-dist/tex/generic/pgf/systemlayer/pgfsys.code.tex
Package: pgfsys 2014/07/09 v3.0.1a (rcs-revision 1.48)
(/usr/local/texlive/2017/texmf-dist/tex/generic/pgf/utilities/pgfkeys.code.tex
\pgfkeys@pathtoks=\toks17
\pgfkeys@temptoks=\toks18

(/usr/local/texlive/2017/texmf-dist/tex/generic/pgf/utilities/pgfkeysfiltered.c
ode.tex
\pgfkeys@tmptoks=\toks19
))
\pgf@x=\dimen130
\pgf@y=\dimen131
\pgf@xa=\dimen132
\pgf@ya=\dimen133
\pgf@xb=\dimen134
\pgf@yb=\dimen135
\pgf@xc=\dimen136
\pgf@yc=\dimen137
\w@pgf@writea=\write3
\r@pgf@reada=\read1
\c@pgf@counta=\count106
\c@pgf@countb=\count107
\c@pgf@countc=\count108
\c@pgf@countd=\count109
\t@pgf@toka=\toks20
\t@pgf@tokb=\toks21
\t@pgf@tokc=\toks22

(/usr/local/texlive/2017/texmf-dist/tex/generic/pgf/systemlayer/pgf.cfg
File: pgf.cfg 2008/05/14  (rcs-revision 1.7)
)
Driver file for pgf: pgfsys-pdftex.def

(/usr/local/texlive/2017/texmf-dist/tex/generic/pgf/systemlayer/pgfsys-pdftex.d
ef
File: pgfsys-pdftex.def 2014/10/11  (rcs-revision 1.35)

(/usr/local/texlive/2017/texmf-dist/tex/generic/pgf/systemlayer/pgfsys-common-p
df.def
File: pgfsys-common-pdf.def 2013/10/10  (rcs-revision 1.13)
)))
(/usr/local/texlive/2017/texmf-dist/tex/generic/pgf/systemlayer/pgfsyssoftpath.
code.tex
File: pgfsyssoftpath.code.tex 2013/09/09  (rcs-revision 1.9)
\pgfsyssoftpath@smallbuffer@items=\count110
\pgfsyssoftpath@bigbuffer@items=\count111
)
(/usr/local/texlive/2017/texmf-dist/tex/generic/pgf/systemlayer/pgfsysprotocol.
code.tex
File: pgfsysprotocol.code.tex 2006/10/16  (rcs-revision 1.4)
)) (/usr/local/texlive/2017/texmf-dist/tex/latex/xcolor/xcolor.sty
Package: xcolor 2016/05/11 v2.12 LaTeX color extensions (UK)

(/usr/local/texlive/2017/texmf-dist/tex/latex/graphics-cfg/color.cfg
File: color.cfg 2016/01/02 v1.6 sample color configuration
)
Package xcolor Info: Driver file: pdftex.def on input line 225.
Package xcolor Info: Model `cmy' substituted by `cmy0' on input line 1348.
Package xcolor Info: Model `hsb' substituted by `rgb' on input line 1352.
Package xcolor Info: Model `RGB' extended on input line 1364.
Package xcolor Info: Model `HTML' substituted by `rgb' on input line 1366.
Package xcolor Info: Model `Hsb' substituted by `hsb' on input line 1367.
Package xcolor Info: Model `tHsb' substituted by `hsb' on input line 1368.
Package xcolor Info: Model `HSB' substituted by `hsb' on input line 1369.
Package xcolor Info: Model `Gray' substituted by `gray' on input line 1370.
Package xcolor Info: Model `wave' substituted by `hsb' on input line 1371.
)
(/usr/local/texlive/2017/texmf-dist/tex/generic/pgf/basiclayer/pgfcore.code.tex
Package: pgfcore 2010/04/11 v3.0.1a (rcs-revision 1.7)
(/usr/local/texlive/2017/texmf-dist/tex/generic/pgf/math/pgfmath.code.tex
(/usr/local/texlive/2017/texmf-dist/tex/generic/pgf/math/pgfmathcalc.code.tex
(/usr/local/texlive/2017/texmf-dist/tex/generic/pgf/math/pgfmathutil.code.tex)
(/usr/local/texlive/2017/texmf-dist/tex/generic/pgf/math/pgfmathparser.code.tex
\pgfmath@dimen=\dimen138
\pgfmath@count=\count112
\pgfmath@box=\box35
\pgfmath@toks=\toks23
\pgfmath@stack@operand=\toks24
\pgfmath@stack@operation=\toks25
)
(/usr/local/texlive/2017/texmf-dist/tex/generic/pgf/math/pgfmathfunctions.code.
tex
(/usr/local/texlive/2017/texmf-dist/tex/generic/pgf/math/pgfmathfunctions.basic
.code.tex)
(/usr/local/texlive/2017/texmf-dist/tex/generic/pgf/math/pgfmathfunctions.trigo
nometric.code.tex)
(/usr/local/texlive/2017/texmf-dist/tex/generic/pgf/math/pgfmathfunctions.rando
m.code.tex)
(/usr/local/texlive/2017/texmf-dist/tex/generic/pgf/math/pgfmathfunctions.compa
rison.code.tex)
(/usr/local/texlive/2017/texmf-dist/tex/generic/pgf/math/pgfmathfunctions.base.
code.tex)
(/usr/local/texlive/2017/texmf-dist/tex/generic/pgf/math/pgfmathfunctions.round
.code.tex)
(/usr/local/texlive/2017/texmf-dist/tex/generic/pgf/math/pgfmathfunctions.misc.
code.tex)
(/usr/local/texlive/2017/texmf-dist/tex/generic/pgf/math/pgfmathfunctions.integ
erarithmetics.code.tex)))
(/usr/local/texlive/2017/texmf-dist/tex/generic/pgf/math/pgfmathfloat.code.tex
\c@pgfmathroundto@lastzeros=\count113
))
(/usr/local/texlive/2017/texmf-dist/tex/generic/pgf/basiclayer/pgfcorepoints.co
de.tex
File: pgfcorepoints.code.tex 2013/10/07  (rcs-revision 1.27)
\pgf@picminx=\dimen139
\pgf@picmaxx=\dimen140
\pgf@picminy=\dimen141
\pgf@picmaxy=\dimen142
\pgf@pathminx=\dimen143
\pgf@pathmaxx=\dimen144
\pgf@pathminy=\dimen145
\pgf@pathmaxy=\dimen146
\pgf@xx=\dimen147
\pgf@xy=\dimen148
\pgf@yx=\dimen149
\pgf@yy=\dimen150
\pgf@zx=\dimen151
\pgf@zy=\dimen152
)
(/usr/local/texlive/2017/texmf-dist/tex/generic/pgf/basiclayer/pgfcorepathconst
ruct.code.tex
File: pgfcorepathconstruct.code.tex 2013/10/07  (rcs-revision 1.29)
\pgf@path@lastx=\dimen153
\pgf@path@lasty=\dimen154
)
(/usr/local/texlive/2017/texmf-dist/tex/generic/pgf/basiclayer/pgfcorepathusage
.code.tex
File: pgfcorepathusage.code.tex 2014/11/02  (rcs-revision 1.24)
\pgf@shorten@end@additional=\dimen155
\pgf@shorten@start@additional=\dimen156
)
(/usr/local/texlive/2017/texmf-dist/tex/generic/pgf/basiclayer/pgfcorescopes.co
de.tex
File: pgfcorescopes.code.tex 2015/05/08  (rcs-revision 1.46)
\pgfpic=\box36
\pgf@hbox=\box37
\pgf@layerbox@main=\box38
\pgf@picture@serial@count=\count114
)
(/usr/local/texlive/2017/texmf-dist/tex/generic/pgf/basiclayer/pgfcoregraphicst
ate.code.tex
File: pgfcoregraphicstate.code.tex 2014/11/02  (rcs-revision 1.12)
\pgflinewidth=\dimen157
)
(/usr/local/texlive/2017/texmf-dist/tex/generic/pgf/basiclayer/pgfcoretransform
ations.code.tex
File: pgfcoretransformations.code.tex 2015/08/07  (rcs-revision 1.20)
\pgf@pt@x=\dimen158
\pgf@pt@y=\dimen159
\pgf@pt@temp=\dimen160
)
(/usr/local/texlive/2017/texmf-dist/tex/generic/pgf/basiclayer/pgfcorequick.cod
e.tex
File: pgfcorequick.code.tex 2008/10/09  (rcs-revision 1.3)
)
(/usr/local/texlive/2017/texmf-dist/tex/generic/pgf/basiclayer/pgfcoreobjects.c
ode.tex
File: pgfcoreobjects.code.tex 2006/10/11  (rcs-revision 1.2)
)
(/usr/local/texlive/2017/texmf-dist/tex/generic/pgf/basiclayer/pgfcorepathproce
ssing.code.tex
File: pgfcorepathprocessing.code.tex 2013/09/09  (rcs-revision 1.9)
)
(/usr/local/texlive/2017/texmf-dist/tex/generic/pgf/basiclayer/pgfcorearrows.co
de.tex
File: pgfcorearrows.code.tex 2015/05/14  (rcs-revision 1.43)
\pgfarrowsep=\dimen161
)
(/usr/local/texlive/2017/texmf-dist/tex/generic/pgf/basiclayer/pgfcoreshade.cod
e.tex
File: pgfcoreshade.code.tex 2013/07/15  (rcs-revision 1.15)
\pgf@max=\dimen162
\pgf@sys@shading@range@num=\count115
)
(/usr/local/texlive/2017/texmf-dist/tex/generic/pgf/basiclayer/pgfcoreimage.cod
e.tex
File: pgfcoreimage.code.tex 2013/07/15  (rcs-revision 1.18)

(/usr/local/texlive/2017/texmf-dist/tex/generic/pgf/basiclayer/pgfcoreexternal.
code.tex
File: pgfcoreexternal.code.tex 2014/07/09  (rcs-revision 1.21)
\pgfexternal@startupbox=\box39
))
(/usr/local/texlive/2017/texmf-dist/tex/generic/pgf/basiclayer/pgfcorelayers.co
de.tex
File: pgfcorelayers.code.tex 2013/07/18  (rcs-revision 1.7)
)
(/usr/local/texlive/2017/texmf-dist/tex/generic/pgf/basiclayer/pgfcoretranspare
ncy.code.tex
File: pgfcoretransparency.code.tex 2013/09/30  (rcs-revision 1.5)
)
(/usr/local/texlive/2017/texmf-dist/tex/generic/pgf/basiclayer/pgfcorepatterns.
code.tex
File: pgfcorepatterns.code.tex 2013/11/07  (rcs-revision 1.5)
)))
(/usr/local/texlive/2017/texmf-dist/tex/latex/pgf/utilities/xxcolor.sty
Package: xxcolor 2003/10/24 ver 0.1
\XC@nummixins=\count116
\XC@countmixins=\count117
)
(/usr/local/texlive/2017/texmf-dist/tex/generic/oberdiek/atbegshi.sty
Package: atbegshi 2016/06/09 v1.18 At begin shipout hook (HO)

(/usr/local/texlive/2017/texmf-dist/tex/generic/oberdiek/infwarerr.sty
Package: infwarerr 2016/05/16 v1.4 Providing info/warning/error messages (HO)
)
(/usr/local/texlive/2017/texmf-dist/tex/generic/oberdiek/ltxcmds.sty
Package: ltxcmds 2016/05/16 v1.23 LaTeX kernel commands for general use (HO)
))
(/usr/local/texlive/2017/texmf-dist/tex/latex/hyperref/hyperref.sty
Package: hyperref 2017/03/14 v6.85a Hypertext links for LaTeX

(/usr/local/texlive/2017/texmf-dist/tex/generic/oberdiek/hobsub-hyperref.sty
Package: hobsub-hyperref 2016/05/16 v1.14 Bundle oberdiek, subset hyperref (HO)


(/usr/local/texlive/2017/texmf-dist/tex/generic/oberdiek/hobsub-generic.sty
Package: hobsub-generic 2016/05/16 v1.14 Bundle oberdiek, subset generic (HO)
Package: hobsub 2016/05/16 v1.14 Construct package bundles (HO)
Package hobsub Info: Skipping package `infwarerr' (already loaded).
Package hobsub Info: Skipping package `ltxcmds' (already loaded).
Package: ifluatex 2016/05/16 v1.4 Provides the ifluatex switch (HO)
Package ifluatex Info: LuaTeX not detected.
Package hobsub Info: Skipping package `ifvtex' (already loaded).
Package: intcalc 2016/05/16 v1.2 Expandable calculations with integers (HO)
Package hobsub Info: Skipping package `ifpdf' (already loaded).
Package: etexcmds 2016/05/16 v1.6 Avoid name clashes with e-TeX commands (HO)
Package etexcmds Info: Could not find \expanded.
(etexcmds)             That can mean that you are not using pdfTeX 1.50 or
(etexcmds)             that some package has redefined \expanded.
(etexcmds)             In the latter case, load this package earlier.
Package: kvsetkeys 2016/05/16 v1.17 Key value parser (HO)
Package: kvdefinekeys 2016/05/16 v1.4 Define keys (HO)
Package: pdftexcmds 2017/03/19 v0.25 Utility functions of pdfTeX for LuaTeX (HO
)
Package pdftexcmds Info: LuaTeX not detected.
Package pdftexcmds Info: \pdf@primitive is available.
Package pdftexcmds Info: \pdf@ifprimitive is available.
Package pdftexcmds Info: \pdfdraftmode found.
Package: pdfescape 2016/05/16 v1.14 Implements pdfTeX's escape features (HO)
Package: bigintcalc 2016/05/16 v1.4 Expandable calculations on big integers (HO
)
Package: bitset 2016/05/16 v1.2 Handle bit-vector datatype (HO)
Package: uniquecounter 2016/05/16 v1.3 Provide unlimited unique counter (HO)
)
Package hobsub Info: Skipping package `hobsub' (already loaded).
Package: letltxmacro 2016/05/16 v1.5 Let assignment for LaTeX macros (HO)
Package: hopatch 2016/05/16 v1.3 Wrapper for package hooks (HO)
Package: xcolor-patch 2016/05/16 xcolor patch
Package: atveryend 2016/05/16 v1.9 Hooks at the very end of document (HO)
Package hobsub Info: Skipping package `atbegshi' (already loaded).
Package: refcount 2016/05/16 v3.5 Data extraction from label references (HO)
Package: hycolor 2016/05/16 v1.8 Color options for hyperref/bookmark (HO)
)
(/usr/local/texlive/2017/texmf-dist/tex/latex/oberdiek/auxhook.sty
Package: auxhook 2016/05/16 v1.4 Hooks for auxiliary files (HO)
)
(/usr/local/texlive/2017/texmf-dist/tex/latex/oberdiek/kvoptions.sty
Package: kvoptions 2016/05/16 v3.12 Key value format for package options (HO)
)
\@linkdim=\dimen163
\Hy@linkcounter=\count118
\Hy@pagecounter=\count119

(/usr/local/texlive/2017/texmf-dist/tex/latex/hyperref/pd1enc.def
File: pd1enc.def 2017/03/14 v6.85a Hyperref: PDFDocEncoding definition (HO)
)
\Hy@SavedSpaceFactor=\count120

(/usr/local/texlive/2017/texmf-dist/tex/latex/latexconfig/hyperref.cfg
File: hyperref.cfg 2002/06/06 v1.2 hyperref configuration of TeXLive
)
Package hyperref Info: Option `bookmarks' set `true' on input line 4374.
Package hyperref Info: Option `bookmarksopen' set `true' on input line 4374.
Package hyperref Info: Option `implicit' set `false' on input line 4374.
Package hyperref Info: Hyper figures OFF on input line 4498.
Package hyperref Info: Link nesting OFF on input line 4503.
Package hyperref Info: Hyper index ON on input line 4506.
Package hyperref Info: Plain pages OFF on input line 4513.
Package hyperref Info: Backreferencing OFF on input line 4518.
Package hyperref Info: Implicit mode OFF; no redefinition of LaTeX internals.
Package hyperref Info: Bookmarks ON on input line 4751.
\c@Hy@tempcnt=\count121

(/usr/local/texlive/2017/texmf-dist/tex/latex/url/url.sty
\Urlmuskip=\muskip10
Package: url 2013/09/16  ver 3.4  Verb mode for urls, etc.
)
LaTeX Info: Redefining \url on input line 5104.
\XeTeXLinkMargin=\dimen164
\Fld@menulength=\count122
\Field@Width=\dimen165
\Fld@charsize=\dimen166
Package hyperref Info: Hyper figures OFF on input line 6358.
Package hyperref Info: Link nesting OFF on input line 6363.
Package hyperref Info: Hyper index ON on input line 6366.
Package hyperref Info: backreferencing OFF on input line 6373.
Package hyperref Info: Link coloring OFF on input line 6378.
Package hyperref Info: Link coloring with OCG OFF on input line 6383.
Package hyperref Info: PDF/A mode OFF on input line 6388.
LaTeX Info: Redefining \ref on input line 6428.
LaTeX Info: Redefining \pageref on input line 6432.
\Hy@abspage=\count123


Package hyperref Message: Stopped early.

)

Package hyperref Message: Driver (autodetected): hpdftex.

(/usr/local/texlive/2017/texmf-dist/tex/latex/hyperref/hpdftex.def
File: hpdftex.def 2017/03/14 v6.85a Hyperref driver for pdfTeX
\Fld@listcount=\count124
\c@bookmark@seq@number=\count125

(/usr/local/texlive/2017/texmf-dist/tex/latex/oberdiek/rerunfilecheck.sty
Package: rerunfilecheck 2016/05/16 v1.8 Rerun checks for auxiliary files (HO)
Package uniquecounter Info: New unique counter `rerunfilecheck' on input line 2
82.
))
(/usr/local/texlive/2017/texmf-dist/tex/latex/beamer/beamerbaserequires.sty
(/usr/local/texlive/2017/texmf-dist/tex/latex/beamer/beamerbasecompatibility.st
y) (/usr/local/texlive/2017/texmf-dist/tex/latex/beamer/beamerbasefont.sty
(/usr/local/texlive/2017/texmf-dist/tex/latex/amsfonts/amssymb.sty
Package: amssymb 2013/01/14 v3.01 AMS font symbols

(/usr/local/texlive/2017/texmf-dist/tex/latex/amsfonts/amsfonts.sty
Package: amsfonts 2013/01/14 v3.01 Basic AMSFonts support
\@emptytoks=\toks26
\symAMSa=\mathgroup4
\symAMSb=\mathgroup5
LaTeX Font Info:    Overwriting math alphabet `\mathfrak' in version `bold'
(Font)                  U/euf/m/n --> U/euf/b/n on input line 106.
))
(/usr/local/texlive/2017/texmf-dist/tex/latex/sansmathaccent/sansmathaccent.sty
Package: sansmathaccent 2013/03/28
(/usr/local/texlive/2017/texmf-dist/tex/latex/filehook/filehook.sty
Package: filehook 2011/10/12 v0.5d Hooks for input files
)))
(/usr/local/texlive/2017/texmf-dist/tex/latex/beamer/beamerbasetranslator.sty
(/usr/local/texlive/2017/texmf-dist/tex/latex/beamer/translator/translator.sty
Package: translator 2010/06/12 ver 1.10

(/usr/local/texlive/2017/texmf-dist/tex/latex/beamer/translator/translator-lang
uage-mappings.tex)))
(/usr/local/texlive/2017/texmf-dist/tex/latex/beamer/beamerbasemisc.sty)
(/usr/local/texlive/2017/texmf-dist/tex/latex/beamer/beamerbasetwoscreens.sty)
(/usr/local/texlive/2017/texmf-dist/tex/latex/beamer/beamerbaseoverlay.sty
\beamer@argscount=\count126
\beamer@lastskipcover=\skip44
\beamer@trivlistdepth=\count127
)
(/usr/local/texlive/2017/texmf-dist/tex/latex/beamer/beamerbasetitle.sty)
(/usr/local/texlive/2017/texmf-dist/tex/latex/beamer/beamerbasesection.sty
\c@lecture=\count128
\c@part=\count129
\c@section=\count130
\c@subsection=\count131
\c@subsubsection=\count132
)
(/usr/local/texlive/2017/texmf-dist/tex/latex/beamer/beamerbaseframe.sty
\beamer@framebox=\box40
\beamer@frametitlebox=\box41
\beamer@zoombox=\box42
\beamer@zoomcount=\count133
\beamer@zoomframecount=\count134
\beamer@frametextheight=\dimen167
\c@subsectionslide=\count135
\beamer@frametopskip=\skip45
\beamer@framebottomskip=\skip46
\beamer@frametopskipautobreak=\skip47
\beamer@framebottomskipautobreak=\skip48
\beamer@envbody=\toks27
\framewidth=\dimen168
\c@framenumber=\count136
)
(/usr/local/texlive/2017/texmf-dist/tex/latex/beamer/beamerbaseverbatim.sty
\beamer@verbatimfileout=\write4
)
(/usr/local/texlive/2017/texmf-dist/tex/latex/beamer/beamerbaseframesize.sty
\beamer@splitbox=\box43
\beamer@autobreakcount=\count137
\beamer@autobreaklastheight=\dimen169
\beamer@frametitletoks=\toks28
\beamer@framesubtitletoks=\toks29
)
(/usr/local/texlive/2017/texmf-dist/tex/latex/beamer/beamerbaseframecomponents.
sty
\beamer@footins=\box44
) (/usr/local/texlive/2017/texmf-dist/tex/latex/beamer/beamerbasecolor.sty
\beamer@bg@ht=\dimen170
\beamer@bg@wd=\dimen171
\beamer@bg@dp=\dimen172
)
(/usr/local/texlive/2017/texmf-dist/tex/latex/beamer/beamerbasenotes.sty
\beamer@frameboxcopy=\box45
)
(/usr/local/texlive/2017/texmf-dist/tex/latex/beamer/beamerbasetoc.sty)
(/usr/local/texlive/2017/texmf-dist/tex/latex/beamer/beamerbasetemplates.sty
\beamer@sbttoks=\toks30

(/usr/local/texlive/2017/texmf-dist/tex/latex/beamer/beamerbaseauxtemplates.sty
(/usr/local/texlive/2017/texmf-dist/tex/latex/beamer/beamerbaseboxes.sty
\bmb@box=\box46
\bmb@colorbox=\box47
\bmb@boxshadow=\box48
\bmb@boxshadowball=\box49
\bmb@boxshadowballlarge=\box50
\bmb@temp=\dimen173
\bmb@dima=\dimen174
\bmb@dimb=\dimen175
\bmb@prevheight=\dimen176
)
\beamer@blockheadheight=\dimen177
))
(/usr/local/texlive/2017/texmf-dist/tex/latex/beamer/beamerbaselocalstructure.s
ty (/usr/local/texlive/2017/texmf-dist/tex/latex/tools/enumerate.sty
Package: enumerate 2015/07/23 v3.00 enumerate extensions (DPC)
\@enLab=\toks31
)
\c@figure=\count138
\c@table=\count139
\abovecaptionskip=\skip49
\belowcaptionskip=\skip50
)
(/usr/local/texlive/2017/texmf-dist/tex/latex/beamer/beamerbasenavigation.sty
\beamer@section@min@dim=\dimen178
)
(/usr/local/texlive/2017/texmf-dist/tex/latex/beamer/beamerbasetheorems.sty
(/usr/local/texlive/2017/texmf-dist/tex/latex/amsmath/amsmath.sty
Package: amsmath 2017/09/02 v2.17a AMS math features
\@mathmargin=\skip51

For additional information on amsmath, use the `?' option.
(/usr/local/texlive/2017/texmf-dist/tex/latex/amsmath/amstext.sty
Package: amstext 2000/06/29 v2.01 AMS text

(/usr/local/texlive/2017/texmf-dist/tex/latex/amsmath/amsgen.sty
File: amsgen.sty 1999/11/30 v2.0 generic functions
\@emptytoks=\toks32
\ex@=\dimen179
))
(/usr/local/texlive/2017/texmf-dist/tex/latex/amsmath/amsbsy.sty
Package: amsbsy 1999/11/29 v1.2d Bold Symbols
\pmbraise@=\dimen180
)
(/usr/local/texlive/2017/texmf-dist/tex/latex/amsmath/amsopn.sty
Package: amsopn 2016/03/08 v2.02 operator names
)
\inf@bad=\count140
LaTeX Info: Redefining \frac on input line 213.
\uproot@=\count141
\leftroot@=\count142
LaTeX Info: Redefining \overline on input line 375.
\classnum@=\count143
\DOTSCASE@=\count144
LaTeX Info: Redefining \ldots on input line 472.
LaTeX Info: Redefining \dots on input line 475.
LaTeX Info: Redefining \cdots on input line 596.
\Mathstrutbox@=\box51
\strutbox@=\box52
\big@size=\dimen181
LaTeX Font Info:    Redeclaring font encoding OML on input line 712.
LaTeX Font Info:    Redeclaring font encoding OMS on input line 713.
\macc@depth=\count145
\c@MaxMatrixCols=\count146
\dotsspace@=\muskip11
\c@parentequation=\count147
\dspbrk@lvl=\count148
\tag@help=\toks33
\row@=\count149
\column@=\count150
\maxfields@=\count151
\andhelp@=\toks34
\eqnshift@=\dimen182
\alignsep@=\dimen183
\tagshift@=\dimen184
\tagwidth@=\dimen185
\totwidth@=\dimen186
\lineht@=\dimen187
\@envbody=\toks35
\multlinegap=\skip52
\multlinetaggap=\skip53
\mathdisplay@stack=\toks36
LaTeX Info: Redefining \[ on input line 2817.
LaTeX Info: Redefining \] on input line 2818.
)
(/usr/local/texlive/2017/texmf-dist/tex/latex/amscls/amsthm.sty
Package: amsthm 2015/03/04 v2.20.2
\thm@style=\toks37
\thm@bodyfont=\toks38
\thm@headfont=\toks39
\thm@notefont=\toks40
\thm@headpunct=\toks41
\thm@preskip=\skip54
\thm@postskip=\skip55
\thm@headsep=\skip56
\dth@everypar=\toks42
)
\c@theorem=\count152
)
(/usr/local/texlive/2017/texmf-dist/tex/latex/beamer/beamerbasethemes.sty))
(/usr/local/texlive/2017/texmf-dist/tex/latex/beamer/themes/theme/beamerthemede
fault.sty
(/usr/local/texlive/2017/texmf-dist/tex/latex/beamer/themes/font/beamerfontthem
edefault.sty)
(/usr/local/texlive/2017/texmf-dist/tex/latex/beamer/themes/color/beamercolorth
emedefault.sty)
(/usr/local/texlive/2017/texmf-dist/tex/latex/beamer/themes/inner/beamerinnerth
emedefault.sty
\beamer@dima=\dimen188
\beamer@dimb=\dimen189
)
(/usr/local/texlive/2017/texmf-dist/tex/latex/beamer/themes/outer/beamerouterth
emedefault.sty)))
(/usr/local/texlive/2017/texmf-dist/tex/latex/pgf/frontendlayer/tikz.sty
(/usr/local/texlive/2017/texmf-dist/tex/latex/pgf/basiclayer/pgf.sty
Package: pgf 2015/08/07 v3.0.1a (rcs-revision 1.15)

(/usr/local/texlive/2017/texmf-dist/tex/generic/pgf/modules/pgfmoduleshapes.cod
e.tex
File: pgfmoduleshapes.code.tex 2014/03/21  (rcs-revision 1.35)
\pgfnodeparttextbox=\box53
)
(/usr/local/texlive/2017/texmf-dist/tex/generic/pgf/modules/pgfmoduleplot.code.
tex
File: pgfmoduleplot.code.tex 2015/08/03  (rcs-revision 1.13)
)
(/usr/local/texlive/2017/texmf-dist/tex/latex/pgf/compatibility/pgfcomp-version
-0-65.sty
Package: pgfcomp-version-0-65 2007/07/03 v3.0.1a (rcs-revision 1.7)
\pgf@nodesepstart=\dimen190
\pgf@nodesepend=\dimen191
)
(/usr/local/texlive/2017/texmf-dist/tex/latex/pgf/compatibility/pgfcomp-version
-1-18.sty
Package: pgfcomp-version-1-18 2007/07/23 v3.0.1a (rcs-revision 1.1)
))
(/usr/local/texlive/2017/texmf-dist/tex/latex/pgf/utilities/pgffor.sty
(/usr/local/texlive/2017/texmf-dist/tex/latex/pgf/utilities/pgfkeys.sty
(/usr/local/texlive/2017/texmf-dist/tex/generic/pgf/utilities/pgfkeys.code.tex)
) (/usr/local/texlive/2017/texmf-dist/tex/latex/pgf/math/pgfmath.sty
(/usr/local/texlive/2017/texmf-dist/tex/generic/pgf/math/pgfmath.code.tex))
(/usr/local/texlive/2017/texmf-dist/tex/generic/pgf/utilities/pgffor.code.tex
Package: pgffor 2013/12/13 v3.0.1a (rcs-revision 1.25)

(/usr/local/texlive/2017/texmf-dist/tex/generic/pgf/math/pgfmath.code.tex)
\pgffor@iter=\dimen192
\pgffor@skip=\dimen193
\pgffor@stack=\toks43
\pgffor@toks=\toks44
))
(/usr/local/texlive/2017/texmf-dist/tex/generic/pgf/frontendlayer/tikz/tikz.cod
e.tex
Package: tikz 2015/08/07 v3.0.1a (rcs-revision 1.151)

(/usr/local/texlive/2017/texmf-dist/tex/generic/pgf/libraries/pgflibraryplothan
dlers.code.tex
File: pgflibraryplothandlers.code.tex 2013/08/31 v3.0.1a (rcs-revision 1.20)
\pgf@plot@mark@count=\count153
\pgfplotmarksize=\dimen194
)
\tikz@lastx=\dimen195
\tikz@lasty=\dimen196
\tikz@lastxsaved=\dimen197
\tikz@lastysaved=\dimen198
\tikzleveldistance=\dimen199
\tikzsiblingdistance=\dimen256
\tikz@figbox=\box54
\tikz@figbox@bg=\box55
\tikz@tempbox=\box56
\tikz@tempbox@bg=\box57
\tikztreelevel=\count154
\tikznumberofchildren=\count155
\tikznumberofcurrentchild=\count156
\tikz@fig@count=\count157

(/usr/local/texlive/2017/texmf-dist/tex/generic/pgf/modules/pgfmodulematrix.cod
e.tex
File: pgfmodulematrix.code.tex 2013/09/17  (rcs-revision 1.8)
\pgfmatrixcurrentrow=\count158
\pgfmatrixcurrentcolumn=\count159
\pgf@matrix@numberofcolumns=\count160
)
\tikz@expandcount=\count161

(/usr/local/texlive/2017/texmf-dist/tex/generic/pgf/frontendlayer/tikz/librarie
s/tikzlibrarytopaths.code.tex
File: tikzlibrarytopaths.code.tex 2008/06/17 v3.0.1a (rcs-revision 1.2)
)))
(/usr/local/texlive/2017/texmf-dist/tex/latex/pxfonts/pxfonts.sty
Package: pxfonts 2008/01/22 v1.1.1
LaTeX Font Info:    Redeclaring symbol font `operators' on input line 21.
LaTeX Font Info:    Overwriting symbol font `operators' in version `normal'
(Font)                  OT1/cmr/m/n --> OT1/pxr/m/n on input line 21.
LaTeX Font Info:    Overwriting symbol font `operators' in version `bold'
(Font)                  OT1/cmr/bx/n --> OT1/pxr/m/n on input line 21.
LaTeX Font Info:    Overwriting symbol font `operators' in version `bold'
(Font)                  OT1/pxr/m/n --> OT1/pxr/bx/n on input line 22.
\symitalic=\mathgroup6
LaTeX Font Info:    Overwriting symbol font `italic' in version `bold'
(Font)                  OT1/pxr/m/it --> OT1/pxr/bx/it on input line 26.
LaTeX Font Info:    Redeclaring math alphabet \mathbf on input line 29.
LaTeX Font Info:    Overwriting math alphabet `\mathbf' in version `normal'
(Font)                  OT1/cmr/bx/n --> OT1/pxr/bx/n on input line 29.
LaTeX Font Info:    Overwriting math alphabet `\mathbf' in version `bold'
(Font)                  OT1/cmr/bx/n --> OT1/pxr/bx/n on input line 29.
LaTeX Font Info:    Redeclaring math alphabet \mathit on input line 30.
LaTeX Font Info:    Overwriting math alphabet `\mathit' in version `normal'
(Font)                  OT1/cmr/m/it --> OT1/pxr/m/it on input line 30.
LaTeX Font Info:    Overwriting math alphabet `\mathit' in version `bold'
(Font)                  OT1/cmr/bx/it --> OT1/pxr/m/it on input line 30.
LaTeX Font Info:    Overwriting math alphabet `\mathit' in version `bold'
(Font)                  OT1/pxr/m/it --> OT1/pxr/bx/it on input line 31.
LaTeX Font Info:    Redeclaring math alphabet \mathsf on input line 40.
LaTeX Font Info:    Overwriting math alphabet `\mathsf' in version `normal'
(Font)                  OT1/cmss/m/n --> OT1/pxss/m/n on input line 40.
LaTeX Font Info:    Overwriting math alphabet `\mathsf' in version `bold'
(Font)                  OT1/cmss/bx/n --> OT1/pxss/m/n on input line 40.
LaTeX Font Info:    Overwriting math alphabet `\mathsf' in version `bold'
(Font)                  OT1/pxss/m/n --> OT1/pxss/b/n on input line 41.
LaTeX Font Info:    Redeclaring math alphabet \mathtt on input line 50.
LaTeX Font Info:    Overwriting math alphabet `\mathtt' in version `normal'
(Font)                  OT1/cmtt/m/n --> OT1/pxtt/m/n on input line 50.
LaTeX Font Info:    Overwriting math alphabet `\mathtt' in version `bold'
(Font)                  OT1/cmtt/m/n --> OT1/pxtt/m/n on input line 50.
LaTeX Font Info:    Overwriting math alphabet `\mathtt' in version `bold'
(Font)                  OT1/pxtt/m/n --> OT1/pxtt/b/n on input line 51.
LaTeX Font Info:    Redeclaring symbol font `letters' on input line 58.
LaTeX Font Info:    Overwriting symbol font `letters' in version `normal'
(Font)                  OML/cmm/m/it --> OML/pxmi/m/it on input line 58.
LaTeX Font Info:    Overwriting symbol font `letters' in version `bold'
(Font)                  OML/cmm/b/it --> OML/pxmi/m/it on input line 58.
LaTeX Font Info:    Overwriting symbol font `letters' in version `bold'
(Font)                  OML/pxmi/m/it --> OML/pxmi/bx/it on input line 59.
\symlettersA=\mathgroup7
LaTeX Font Info:    Overwriting symbol font `lettersA' in version `bold'
(Font)                  U/pxmia/m/it --> U/pxmia/bx/it on input line 67.
LaTeX Font Info:    Redeclaring math alphabet \mathfrak on input line 70.
LaTeX Font Info:    Redeclaring symbol font `symbols' on input line 77.
LaTeX Font Info:    Overwriting symbol font `symbols' in version `normal'
(Font)                  OMS/cmsy/m/n --> OMS/pxsy/m/n on input line 77.
LaTeX Font Info:    Overwriting symbol font `symbols' in version `bold'
(Font)                  OMS/cmsy/b/n --> OMS/pxsy/m/n on input line 77.
LaTeX Font Info:    Overwriting symbol font `symbols' in version `bold'
(Font)                  OMS/pxsy/m/n --> OMS/pxsy/bx/n on input line 78.
LaTeX Font Info:    Redeclaring symbol font `AMSa' on input line 93.
LaTeX Font Info:    Overwriting symbol font `AMSa' in version `normal'
(Font)                  U/msa/m/n --> U/pxsya/m/n on input line 93.
LaTeX Font Info:    Overwriting symbol font `AMSa' in version `bold'
(Font)                  U/msa/m/n --> U/pxsya/m/n on input line 93.
LaTeX Font Info:    Overwriting symbol font `AMSa' in version `bold'
(Font)                  U/pxsya/m/n --> U/pxsya/bx/n on input line 94.
LaTeX Font Info:    Redeclaring symbol font `AMSb' on input line 102.
LaTeX Font Info:    Overwriting symbol font `AMSb' in version `normal'
(Font)                  U/msb/m/n --> U/pxsyb/m/n on input line 102.
LaTeX Font Info:    Overwriting symbol font `AMSb' in version `bold'
(Font)                  U/msb/m/n --> U/pxsyb/m/n on input line 102.
LaTeX Font Info:    Overwriting symbol font `AMSb' in version `bold'
(Font)                  U/pxsyb/m/n --> U/pxsyb/bx/n on input line 103.
\symsymbolsC=\mathgroup8
LaTeX Font Info:    Overwriting symbol font `symbolsC' in version `bold'
(Font)                  U/pxsyc/m/n --> U/pxsyc/bx/n on input line 113.
LaTeX Font Info:    Redeclaring symbol font `largesymbols' on input line 120.
LaTeX Font Info:    Overwriting symbol font `largesymbols' in version `normal'
(Font)                  OMX/cmex/m/n --> OMX/pxex/m/n on input line 120.
LaTeX Font Info:    Overwriting symbol font `largesymbols' in version `bold'
(Font)                  OMX/cmex/m/n --> OMX/pxex/m/n on input line 120.
LaTeX Font Info:    Overwriting symbol font `largesymbols' in version `bold'
(Font)                  OMX/pxex/m/n --> OMX/pxex/bx/n on input line 121.
\symlargesymbolsA=\mathgroup9
LaTeX Font Info:    Overwriting symbol font `largesymbolsA' in version `bold'
(Font)                  U/pxexa/m/n --> U/pxexa/bx/n on input line 129.
LaTeX Info: Redefining \not on input line 997.
LaTeX Info: Redefining \textsquare on input line 1017.
LaTeX Info: Redefining \openbox on input line 1018.
)
(/usr/local/texlive/2017/texmf-dist/tex/latex/textpos/textpos.sty
Package: textpos 2016/06/07 v1.8

Package: textpos 2016/06/07 1.8, absolute positioning of text on the page
\TP@textbox=\box58
\TP@holdbox=\box59
\TPHorizModule=\dimen257
\TPVertModule=\dimen258
\TP@margin=\dimen259
\TP@absmargin=\dimen260
Grid set 16 x 16 = 22.7622pt x 17.07166pt
\TPboxrulesize=\dimen261
\TP@ox=\dimen262
\TP@oy=\dimen263
\TP@tbargs=\toks45
\TP@prevdepth=\dimen264
TextBlockOrigin set to 0pt x 0pt
)
(/usr/local/texlive/2017/texmf-dist/tex/latex/beamer/themes/theme/beamerthemeMa
drid.sty
(/usr/local/texlive/2017/texmf-dist/tex/latex/beamer/themes/color/beamercolorth
emewhale.sty)
(/usr/local/texlive/2017/texmf-dist/tex/latex/beamer/themes/color/beamercolorth
emeorchid.sty)
(/usr/local/texlive/2017/texmf-dist/tex/latex/beamer/themes/inner/beamerinnerth
emerounded.sty)
(/usr/local/texlive/2017/texmf-dist/tex/latex/beamer/themes/outer/beamerouterth
emeinfolines.sty))
(/usr/local/texlive/2017/texmf-dist/tex/latex/wasysym/wasysym.sty
Package: wasysym 2003/10/30 v2.0 Wasy-2 symbol support package
\symwasy=\mathgroup10
LaTeX Font Info:    Overwriting symbol font `wasy' in version `bold'
(Font)                  U/wasy/m/n --> U/wasy/b/n on input line 90.
)

Package hyperref Warning: Token not allowed in a PDF string (PDFDocEncoding):
(hyperref)                removing `math shift' on input line 31.


Package hyperref Warning: Token not allowed in a PDF string (PDFDocEncoding):
(hyperref)                removing `superscript' on input line 31.


Package hyperref Warning: Token not allowed in a PDF string (PDFDocEncoding):
(hyperref)                removing `math shift' on input line 31.


Package hyperref Warning: Token not allowed in a PDF string (PDFDocEncoding):
(hyperref)                removing `math shift' on input line 31.


Package hyperref Warning: Token not allowed in a PDF string (PDFDocEncoding):
(hyperref)                removing `\@@underline' on input line 31.


Package hyperref Warning: Token not allowed in a PDF string (PDFDocEncoding):
(hyperref)                removing `\hbox' on input line 31.


Package hyperref Warning: Token not allowed in a PDF string (PDFDocEncoding):
(hyperref)                removing `math shift' on input line 31.


Package hyperref Warning: Token not allowed in a PDF string (PDFDocEncoding):
(hyperref)                removing `superscript' on input line 31.


Package hyperref Warning: Token not allowed in a PDF string (PDFDocEncoding):
(hyperref)                removing `math shift' on input line 31.


Package hyperref Warning: Token not allowed in a PDF string (PDFDocEncoding):
(hyperref)                removing `\mathsurround' on input line 31.


Package hyperref Warning: Token not allowed in a PDF string (PDFDocEncoding):
(hyperref)                removing `\z@' on input line 31.


Package hyperref Warning: Token not allowed in a PDF string (PDFDocEncoding):
(hyperref)                removing `math shift' on input line 31.


Package hyperref Warning: Token not allowed in a PDF string (PDFDocEncoding):
(hyperref)                removing `math shift' on input line 31.


Package hyperref Warning: Token not allowed in a PDF string (PDFDocEncoding):
(hyperref)                removing `\@@underline' on input line 31.


Package hyperref Warning: Token not allowed in a PDF string (PDFDocEncoding):
(hyperref)                removing `\hbox' on input line 31.


Package hyperref Warning: Token not allowed in a PDF string (PDFDocEncoding):
(hyperref)                removing `math shift' on input line 31.


Package hyperref Warning: Token not allowed in a PDF string (PDFDocEncoding):
(hyperref)                removing `superscript' on input line 31.


Package hyperref Warning: Token not allowed in a PDF string (PDFDocEncoding):
(hyperref)                removing `math shift' on input line 31.


Package hyperref Warning: Token not allowed in a PDF string (PDFDocEncoding):
(hyperref)                removing `\mathsurround' on input line 31.


Package hyperref Warning: Token not allowed in a PDF string (PDFDocEncoding):
(hyperref)                removing `\z@' on input line 31.


Package hyperref Warning: Token not allowed in a PDF string (PDFDocEncoding):
(hyperref)                removing `math shift' on input line 31.


Package hyperref Warning: Token not allowed in a PDF string (PDFDocEncoding):
(hyperref)                removing `\\' on input line 31.


Package hyperref Warning: Token not allowed in a PDF string (PDFDocEncoding):
(hyperref)                removing `math shift' on input line 31.


Package hyperref Warning: Token not allowed in a PDF string (PDFDocEncoding):
(hyperref)                removing `superscript' on input line 31.


Package hyperref Warning: Token not allowed in a PDF string (PDFDocEncoding):
(hyperref)                removing `math shift' on input line 31.


Package hyperref Warning: Token not allowed in a PDF string (PDFDocEncoding):
(hyperref)                removing `\footnote' on input line 36.

(./TAMC2019.aux

LaTeX Warning: Label `fig:summary' multiply defined.

)
\openout1 = `TAMC2019.aux'.

LaTeX Font Info:    Checking defaults for OML/pxmi/m/it on input line 36.
LaTeX Font Info:    Try loading font information for OML+pxmi on input line 36.

 (/usr/local/texlive/2017/texmf-dist/tex/latex/pxfonts/omlpxmi.fd
File: omlpxmi.fd 2000/12/14 v1.0
)
LaTeX Font Info:    ... okay on input line 36.
LaTeX Font Info:    Checking defaults for T1/cmr/m/n on input line 36.
LaTeX Font Info:    ... okay on input line 36.
LaTeX Font Info:    Checking defaults for OT1/cmr/m/n on input line 36.
LaTeX Font Info:    ... okay on input line 36.
LaTeX Font Info:    Checking defaults for OMS/pxsy/m/n on input line 36.
LaTeX Font Info:    Try loading font information for OMS+pxsy on input line 36.


(/usr/local/texlive/2017/texmf-dist/tex/latex/pxfonts/omspxsy.fd
File: omspxsy.fd 2000/12/14 v1.0
)
LaTeX Font Info:    ... okay on input line 36.
LaTeX Font Info:    Checking defaults for OMX/pxex/m/n on input line 36.
LaTeX Font Info:    Try loading font information for OMX+pxex on input line 36.


(/usr/local/texlive/2017/texmf-dist/tex/latex/pxfonts/omxpxex.fd
File: omxpxex.fd 2000/12/14 v1.0
)
LaTeX Font Info:    ... okay on input line 36.
LaTeX Font Info:    Checking defaults for U/pxexa/m/n on input line 36.
LaTeX Font Info:    Try loading font information for U+pxexa on input line 36.

(/usr/local/texlive/2017/texmf-dist/tex/latex/pxfonts/upxexa.fd
File: upxexa.fd 2000/12/14 v1.0
)
LaTeX Font Info:    ... okay on input line 36.
LaTeX Font Info:    Checking defaults for PD1/pdf/m/n on input line 36.
LaTeX Font Info:    ... okay on input line 36.
LaTeX Font Info:    Try loading font information for OT1+pxss on input line 36.


(/usr/local/texlive/2017/texmf-dist/tex/latex/pxfonts/ot1pxss.fd
File: ot1pxss.fd 2000/12/14 v1.0
)
*geometry* driver: auto-detecting
*geometry* detected driver: pdftex
*geometry* verbose mode - [ preamble ] result:
* driver: pdftex
* paper: custom
* layout: <same size as paper>
* layoutoffset:(h,v)=(0.0pt,0.0pt)
* modes: includehead includefoot 
* h-part:(L,W,R)=(10.95003pt, 342.2953pt, 10.95003pt)
* v-part:(T,H,B)=(0.0pt, 273.14662pt, 0.0pt)
* \paperwidth=364.19536pt
* \paperheight=273.14662pt
* \textwidth=342.2953pt
* \textheight=244.6939pt
* \oddsidemargin=-61.31996pt
* \evensidemargin=-61.31996pt
* \topmargin=-72.26999pt
* \headheight=14.22636pt
* \headsep=0.0pt
* \topskip=11.0pt
* \footskip=14.22636pt
* \marginparwidth=4.0pt
* \marginparsep=10.0pt
* \columnsep=10.0pt
* \skip\footins=10.0pt plus 4.0pt minus 2.0pt
* \hoffset=0.0pt
* \voffset=0.0pt
* \mag=1000
* \@twocolumnfalse
* \@twosidefalse
* \@mparswitchfalse
* \@reversemarginfalse
* (1in=72.27pt=25.4mm, 1cm=28.453pt)

(/usr/local/texlive/2017/texmf-dist/tex/context/base/mkii/supp-pdf.mkii
[Loading MPS to PDF converter (version 2006.09.02).]
\scratchcounter=\count162
\scratchdimen=\dimen265
\scratchbox=\box60
\nofMPsegments=\count163
\nofMParguments=\count164
\everyMPshowfont=\toks46
\MPscratchCnt=\count165
\MPscratchDim=\dimen266
\MPnumerator=\count166
\makeMPintoPDFobject=\count167
\everyMPtoPDFconversion=\toks47
) (/usr/local/texlive/2017/texmf-dist/tex/latex/oberdiek/epstopdf-base.sty
Package: epstopdf-base 2016/05/15 v2.6 Base part for package epstopdf

(/usr/local/texlive/2017/texmf-dist/tex/latex/oberdiek/grfext.sty
Package: grfext 2016/05/16 v1.2 Manage graphics extensions (HO)
)
Package epstopdf-base Info: Redefining graphics rule for `.eps' on input line 4
38.
Package grfext Info: Graphics extension search list:
(grfext)             [.pdf,.png,.jpg,.mps,.jpeg,.jbig2,.jb2,.PDF,.PNG,.JPG,.JPE
G,.JBIG2,.JB2,.eps]
(grfext)             \AppendGraphicsExtensions on input line 456.

(/usr/local/texlive/2017/texmf-dist/tex/latex/latexconfig/epstopdf-sys.cfg
File: epstopdf-sys.cfg 2010/07/13 v1.3 Configuration of (r)epstopdf for TeX Liv
e
))
ABD: EveryShipout initializing macros
\AtBeginShipoutBox=\box61
Package hyperref Info: Link coloring OFF on input line 36.

(/usr/local/texlive/2017/texmf-dist/tex/latex/hyperref/nameref.sty
Package: nameref 2016/05/21 v2.44 Cross-referencing by name of section

(/usr/local/texlive/2017/texmf-dist/tex/generic/oberdiek/gettitlestring.sty
Package: gettitlestring 2016/05/16 v1.5 Cleanup title references (HO)
)
\c@section@level=\count168
)
LaTeX Info: Redefining \ref on input line 36.
LaTeX Info: Redefining \pageref on input line 36.
LaTeX Info: Redefining \nameref on input line 36.

(./TAMC2019.out) (./TAMC2019.out)
\@outlinefile=\write5
\openout5 = `TAMC2019.out'.

LaTeX Font Info:    Overwriting symbol font `operators' in version `normal'
(Font)                  OT1/pxr/m/n --> OT1/cmss/m/n on input line 36.
LaTeX Font Info:    Overwriting symbol font `operators' in version `bold'
(Font)                  OT1/pxr/bx/n --> OT1/cmss/bx/n on input line 36.
\symnumbers=\mathgroup11
\sympureletters=\mathgroup12
LaTeX Font Info:    Overwriting math alphabet `\mathrm' in version `normal'
(Font)                  OT1/cmss/m/n --> OT1/pxr/m/n on input line 36.
LaTeX Font Info:    Redeclaring math alphabet \mathbf on input line 36.
LaTeX Font Info:    Overwriting math alphabet `\mathbf' in version `normal'
(Font)                  OT1/pxr/bx/n --> OT1/pxss/bx/n on input line 36.
LaTeX Font Info:    Overwriting math alphabet `\mathbf' in version `bold'
(Font)                  OT1/pxr/bx/n --> OT1/pxss/bx/n on input line 36.
LaTeX Font Info:    Redeclaring math alphabet \mathsf on input line 36.
LaTeX Font Info:    Overwriting math alphabet `\mathsf' in version `normal'
(Font)                  OT1/pxss/m/n --> OT1/pxss/m/n on input line 36.
LaTeX Font Info:    Overwriting math alphabet `\mathsf' in version `bold'
(Font)                  OT1/pxss/b/n --> OT1/pxss/m/n on input line 36.
LaTeX Font Info:    Redeclaring math alphabet \mathit on input line 36.
LaTeX Font Info:    Overwriting math alphabet `\mathit' in version `normal'
(Font)                  OT1/pxr/m/it --> OT1/pxss/m/it on input line 36.
LaTeX Font Info:    Overwriting math alphabet `\mathit' in version `bold'
(Font)                  OT1/pxr/bx/it --> OT1/pxss/m/it on input line 36.
LaTeX Font Info:    Redeclaring math alphabet \mathtt on input line 36.
LaTeX Font Info:    Overwriting math alphabet `\mathtt' in version `normal'
(Font)                  OT1/pxtt/m/n --> OT1/pxtt/m/n on input line 36.
LaTeX Font Info:    Overwriting math alphabet `\mathtt' in version `bold'
(Font)                  OT1/pxtt/b/n --> OT1/pxtt/m/n on input line 36.
LaTeX Font Info:    Overwriting symbol font `numbers' in version `bold'
(Font)                  OT1/pxss/m/n --> OT1/pxss/bx/n on input line 36.
LaTeX Font Info:    Overwriting symbol font `pureletters' in version `bold'
(Font)                  OT1/pxss/m/it --> OT1/pxss/bx/it on input line 36.
LaTeX Font Info:    Overwriting math alphabet `\mathrm' in version `bold'
(Font)                  OT1/cmss/bx/n --> OT1/pxr/bx/n on input line 36.
LaTeX Font Info:    Overwriting math alphabet `\mathbf' in version `bold'
(Font)                  OT1/pxss/bx/n --> OT1/pxss/bx/n on input line 36.
LaTeX Font Info:    Overwriting math alphabet `\mathsf' in version `bold'
(Font)                  OT1/pxss/m/n --> OT1/pxss/bx/n on input line 36.
LaTeX Font Info:    Overwriting math alphabet `\mathit' in version `bold'
(Font)                  OT1/pxss/m/it --> OT1/pxss/bx/it on input line 36.
LaTeX Font Info:    Overwriting math alphabet `\mathtt' in version `bold'
(Font)                  OT1/pxtt/m/n --> OT1/pxtt/bx/n on input line 36.

(/usr/local/texlive/2017/texmf-dist/tex/latex/beamer/translator/dicts/translato
r-basic-dictionary/translator-basic-dictionary-English.dict
Dictionary: translator-basic-dictionary, Language: English 
)
(/usr/local/texlive/2017/texmf-dist/tex/latex/beamer/translator/dicts/translato
r-bibliography-dictionary/translator-bibliography-dictionary-English.dict
Dictionary: translator-bibliography-dictionary, Language: English 
)
(/usr/local/texlive/2017/texmf-dist/tex/latex/beamer/translator/dicts/translato
r-environment-dictionary/translator-environment-dictionary-English.dict
Dictionary: translator-environment-dictionary, Language: English 
)
(/usr/local/texlive/2017/texmf-dist/tex/latex/beamer/translator/dicts/translato
r-months-dictionary/translator-months-dictionary-English.dict
Dictionary: translator-months-dictionary, Language: English 
)
(/usr/local/texlive/2017/texmf-dist/tex/latex/beamer/translator/dicts/translato
r-numbers-dictionary/translator-numbers-dictionary-English.dict
Dictionary: translator-numbers-dictionary, Language: English 
)
(/usr/local/texlive/2017/texmf-dist/tex/latex/beamer/translator/dicts/translato
r-theorem-dictionary/translator-theorem-dictionary-English.dict
Dictionary: translator-theorem-dictionary, Language: English 
)
(./TAMC2019.nav)
LaTeX Font Info:    Try loading font information for U+pxsya on input line 40.

(/usr/local/texlive/2017/texmf-dist/tex/latex/pxfonts/upxsya.fd
File: upxsya.fd 2000/12/14 v1.0
)
LaTeX Font Info:    Try loading font information for U+pxsyb on input line 40.

(/usr/local/texlive/2017/texmf-dist/tex/latex/pxfonts/upxsyb.fd
File: utxsyb.fd 2000/12/14 v1.0
)
LaTeX Font Info:    Try loading font information for OT1+pxr on input line 40.

(/usr/local/texlive/2017/texmf-dist/tex/latex/pxfonts/ot1pxr.fd
File: ot1pxr.fd 2000/12/14 v1.0
)
LaTeX Font Info:    Try loading font information for U+pxmia on input line 40.

(/usr/local/texlive/2017/texmf-dist/tex/latex/pxfonts/upxmia.fd
File: upxmia.fd 2000/12/14 v1.0
)
LaTeX Font Info:    Try loading font information for U+pxsyc on input line 40.

(/usr/local/texlive/2017/texmf-dist/tex/latex/pxfonts/upxsyc.fd
File: upxsyc.fd 2000/12/14 v1.0
)
LaTeX Font Info:    Try loading font information for U+wasy on input line 40.

(/usr/local/texlive/2017/texmf-dist/tex/latex/wasysym/uwasy.fd
File: uwasy.fd 2003/10/30 v2.0 Wasy-2 symbol font definitions
)
LaTeX Font Info:    Font shape `OT1/pxss/m/it' in size <14.4> not available
(Font)              Font shape `OT1/pxss/m/sl' tried instead on input line 40.
LaTeX Font Info:    Font shape `OT1/pxss/m/it' in size <10> not available
(Font)              Font shape `OT1/pxss/m/sl' tried instead on input line 40.
LaTeX Font Info:    Font shape `OT1/pxss/m/it' in size <7> not available
(Font)              Font shape `OT1/pxss/m/sl' tried instead on input line 40.
LaTeX Font Info:    Font shape `OT1/pxss/m/it' in size <9> not available
(Font)              Font shape `OT1/pxss/m/sl' tried instead on input line 40.
LaTeX Font Info:    Font shape `OT1/pxss/m/it' in size <6> not available
(Font)              Font shape `OT1/pxss/m/sl' tried instead on input line 40.
LaTeX Font Info:    Font shape `OT1/pxss/m/it' in size <5> not available
(Font)              Font shape `OT1/pxss/m/sl' tried instead on input line 40.
LaTeX Font Info:    Font shape `OT1/pxss/m/it' in size <10.95> not available
(Font)              Font shape `OT1/pxss/m/sl' tried instead on input line 40.
LaTeX Font Info:    Font shape `OT1/pxss/m/it' in size <8> not available
(Font)              Font shape `OT1/pxss/m/sl' tried instead on input line 40.
 [1

{/usr/local/texlive/2017/texmf-var/fonts/map/pdftex/updmap/pdftex.map}] (./slid
e.tex
<RNA.png, id=88, 266.49562pt x 222.07968pt>
File: RNA.png Graphic file (type png)
<use RNA.png>
Package pdftex.def Info: RNA.png  used on input line 20. on input line 20.
Package pdftex.def Info: Requested size: 136.91603pt x 114.09952pt on input lin
e 20.

[2

 <./RNA.png>] [3

] [4

] [5

] [6

] [7

] [8

] [9

] [10

] [11

] [12

] [13

] [14

] [15

]
[16

]
LaTeX Font Info:    Font shape `OT1/pxss/m/it' in size <12> not available
(Font)              Font shape `OT1/pxss/m/sl' tried instead on input line 1731
.
 [17

] [18

] [19

]
Overfull \vbox (5.4632pt too high) detected at line 1821
 []

[20

]) (./troll.texpdfTeX warning (ext4): destination with the same identifier (nam
e{fig:summary}) has been already used, duplicate ignored
<to be read again> 
                   \relax 
l.53 \end{frame}
                
Overfull \vbox (5.4632pt too high) detected at line 53
 []

[21

] [22

] [23

] [24

]

Package hyperref Warning: Token not allowed in a PDF string (PDFDocEncoding):
(hyperref)                removing `math shift' on input line 201.


Package hyperref Warning: Token not allowed in a PDF string (PDFDocEncoding):
(hyperref)                removing `\alpha' on input line 201.


Package hyperref Warning: Token not allowed in a PDF string (PDFDocEncoding):
(hyperref)                removing `math shift' on input line 201.

[25

] [26

] [27

] [28

] [29

] [30

] [31

]

Package hyperref Warning: Token not allowed in a PDF string (PDFDocEncoding):
(hyperref)                removing `math shift' on input line 497.


Package hyperref Warning: Token not allowed in a PDF string (PDFDocEncoding):
(hyperref)                removing `\delta' on input line 497.


Package hyperref Warning: Token not allowed in a PDF string (PDFDocEncoding):
(hyperref)                removing `math shift' on input line 497.


Package hyperref Warning: Token not allowed in a PDF string (PDFDocEncoding):
(hyperref)                removing `math shift' on input line 497.


Package hyperref Warning: Token not allowed in a PDF string (PDFDocEncoding):
(hyperref)                removing `\alpha' on input line 497.


Package hyperref Warning: Token not allowed in a PDF string (PDFDocEncoding):
(hyperref)                removing `math shift' on input line 497.

[32

] [33

] [34

] [35

] [36

]
<fig/te.png, id=284, 126.7134pt x 152.9715pt>
File: fig/te.png Graphic file (type png)
<use fig/te.png>
Package pdftex.def Info: fig/te.png  used on input line 871. on input line 871.

Package pdftex.def Info: Requested size: 16.293pt x 19.66757pt on input line 87
1.
<fig/akusyu1.png, id=285, 105.996pt x 157.0668pt>
File: fig/akusyu1.png Graphic file (type png)
<use fig/akusyu1.png>
Package pdftex.def Info: fig/akusyu1.png  used on input line 871. on input line
 871.
Package pdftex.def Info: Requested size: 14.37575pt x 21.30136pt on input line 
871.
<fig/akusyur.png, id=286, 441.65pt x 654.445pt>
File: fig/akusyur.png Graphic file (type png)
<use fig/akusyur.png>
Package pdftex.def Info: fig/akusyur.png  used on input line 871. on input line
 871.
Package pdftex.def Info: Requested size: 14.37575pt x 21.30016pt on input line 
871.
File: fig/akusyu1.png Graphic file (type png)
<use fig/akusyu1.png>
Package pdftex.def Info: fig/akusyu1.png  used on input line 871. on input line
 871.
Package pdftex.def Info: Requested size: 14.37575pt x 21.30136pt on input line 
871.
File: fig/te.png Graphic file (type png)
<use fig/te.png>
Package pdftex.def Info: fig/te.png  used on input line 871. on input line 871.

Package pdftex.def Info: Requested size: 16.42924pt x 19.8333pt on input line 8
71.
<fig/ter.png, id=287, 527.9725pt x 637.38126pt>
File: fig/ter.png Graphic file (type png)
<use fig/ter.png>
Package pdftex.def Info: fig/ter.png  used on input line 871. on input line 871
.
Package pdftex.def Info: Requested size: 16.42924pt x 19.83058pt on input line 
871.
File: fig/akusyu1.png Graphic file (type png)
<use fig/akusyu1.png>
Package pdftex.def Info: fig/akusyu1.png  used on input line 871. on input line
 871.
Package pdftex.def Info: Requested size: 16.42924pt x 24.3451pt on input line 8
71.
<fig/TrollFace.jpg, id=288, 3854.4pt x 2168.1pt>
File: fig/TrollFace.jpg Graphic file (type jpg)
<use fig/TrollFace.jpg>
Package pdftex.def Info: fig/TrollFace.jpg  used on input line 871. on input li
ne 871.
Package pdftex.def Info: Requested size: 27.38278pt x 15.38336pt on input line 
871.
 [37

 <./fig/te.png> <./fig/akusyu1.png> <./fig/akusyur.png> <./fig/ter.png> <./fig/
TrollFace.jpg>]
File: fig/te.png Graphic file (type png)
<use fig/te.png>
Package pdftex.def Info: fig/te.png  used on input line 871. on input line 871.

Package pdftex.def Info: Requested size: 16.293pt x 19.66757pt on input line 87
1.
File: fig/akusyu1.png Graphic file (type png)
<use fig/akusyu1.png>
Package pdftex.def Info: fig/akusyu1.png  used on input line 871. on input line
 871.
Package pdftex.def Info: Requested size: 14.37575pt x 21.30136pt on input line 
871.
File: fig/akusyur.png Graphic file (type png)
<use fig/akusyur.png>
Package pdftex.def Info: fig/akusyur.png  used on input line 871. on input line
 871.
Package pdftex.def Info: Requested size: 14.37575pt x 21.30016pt on input line 
871.
File: fig/akusyu1.png Graphic file (type png)
<use fig/akusyu1.png>
Package pdftex.def Info: fig/akusyu1.png  used on input line 871. on input line
 871.
Package pdftex.def Info: Requested size: 14.37575pt x 21.30136pt on input line 
871.
File: fig/te.png Graphic file (type png)
<use fig/te.png>
Package pdftex.def Info: fig/te.png  used on input line 871. on input line 871.

Package pdftex.def Info: Requested size: 16.42924pt x 19.8333pt on input line 8
71.
File: fig/ter.png Graphic file (type png)
<use fig/ter.png>
Package pdftex.def Info: fig/ter.png  used on input line 871. on input line 871
.
Package pdftex.def Info: Requested size: 16.42924pt x 19.83058pt on input line 
871.
File: fig/akusyu1.png Graphic file (type png)
<use fig/akusyu1.png>
Package pdftex.def Info: fig/akusyu1.png  used on input line 871. on input line
 871.
Package pdftex.def Info: Requested size: 16.42924pt x 24.3451pt on input line 8
71.
File: fig/TrollFace.jpg Graphic file (type jpg)
<use fig/TrollFace.jpg>
Package pdftex.def Info: fig/TrollFace.jpg  used on input line 871. on input li
ne 871.
Package pdftex.def Info: Requested size: 27.38278pt x 15.38336pt on input line 
871.
 [38

]
File: fig/TrollFace.jpg Graphic file (type jpg)
<use fig/TrollFace.jpg>
Package pdftex.def Info: fig/TrollFace.jpg  used on input line 1005. on input l
ine 1005.
Package pdftex.def Info: Requested size: 27.93074pt x 15.68109pt on input line 
1005.
File: fig/TrollFace.jpg Graphic file (type jpg)
<use fig/TrollFace.jpg>
Package pdftex.def Info: fig/TrollFace.jpg  used on input line 1005. on input l
ine 1005.
Package pdftex.def Info: Requested size: 27.93074pt x 15.68109pt on input line 
1005.
 [39

]
File: fig/te.png Graphic file (type png)
<use fig/te.png>
Package pdftex.def Info: fig/te.png  used on input line 1089. on input line 108
9.
Package pdftex.def Info: Requested size: 13.14432pt x 15.86757pt on input line 
1089.
File: fig/te.png Graphic file (type png)
<use fig/te.png>
Package pdftex.def Info: fig/te.png  used on input line 1089. on input line 108
9.
Package pdftex.def Info: Requested size: 13.14432pt x 15.86757pt on input line 
1089.
File: fig/akusyu1.png Graphic file (type png)
<use fig/akusyu1.png>
Package pdftex.def Info: fig/akusyu1.png  used on input line 1089. on input lin
e 1089.
Package pdftex.def Info: Requested size: 13.14432pt x 19.47751pt on input line 
1089.
File: fig/akusyu1.png Graphic file (type png)
<use fig/akusyu1.png>
Package pdftex.def Info: fig/akusyu1.png  used on input line 1089. on input lin
e 1089.
Package pdftex.def Info: Requested size: 13.14432pt x 19.47751pt on input line 
1089.
File: fig/TrollFace.jpg Graphic file (type jpg)
<use fig/TrollFace.jpg>
Package pdftex.def Info: fig/TrollFace.jpg  used on input line 1089. on input l
ine 1089.
Package pdftex.def Info: Requested size: 27.93074pt x 15.68109pt on input line 
1089.
File: fig/TrollFace.jpg Graphic file (type jpg)
<use fig/TrollFace.jpg>
Package pdftex.def Info: fig/TrollFace.jpg  used on input line 1089. on input l
ine 1089.
Package pdftex.def Info: Requested size: 27.93074pt x 15.68109pt on input line 
1089.
File: fig/akusyu1.png Graphic file (type png)
<use fig/akusyu1.png>
Package pdftex.def Info: fig/akusyu1.png  used on input line 1089. on input lin
e 1089.
Package pdftex.def Info: Requested size: 14.37648pt x 21.30136pt on input line 
1089.
File: fig/akusyu1.png Graphic file (type png)
<use fig/akusyu1.png>
Package pdftex.def Info: fig/akusyu1.png  used on input line 1089. on input lin
e 1089.
Package pdftex.def Info: Requested size: 14.37648pt x 21.30136pt on input line 
1089.
File: fig/akusyu1.png Graphic file (type png)
<use fig/akusyu1.png>
Package pdftex.def Info: fig/akusyu1.png  used on input line 1089. on input lin
e 1089.
Package pdftex.def Info: Requested size: 14.37648pt x 21.30136pt on input line 
1089.
File: fig/te.png Graphic file (type png)
<use fig/te.png>
Package pdftex.def Info: fig/te.png  used on input line 1089. on input line 108
9.
Package pdftex.def Info: Requested size: 14.37648pt x 17.35443pt on input line 
1089.
 [40

]
File: fig/te.png Graphic file (type png)
<use fig/te.png>
Package pdftex.def Info: fig/te.png  used on input line 1089. on input line 108
9.
Package pdftex.def Info: Requested size: 13.14432pt x 15.86757pt on input line 
1089.
File: fig/te.png Graphic file (type png)
<use fig/te.png>
Package pdftex.def Info: fig/te.png  used on input line 1089. on input line 108
9.
Package pdftex.def Info: Requested size: 13.14432pt x 15.86757pt on input line 
1089.
File: fig/akusyu1.png Graphic file (type png)
<use fig/akusyu1.png>
Package pdftex.def Info: fig/akusyu1.png  used on input line 1089. on input lin
e 1089.
Package pdftex.def Info: Requested size: 13.14432pt x 19.47751pt on input line 
1089.
File: fig/akusyu1.png Graphic file (type png)
<use fig/akusyu1.png>
Package pdftex.def Info: fig/akusyu1.png  used on input line 1089. on input lin
e 1089.
Package pdftex.def Info: Requested size: 13.14432pt x 19.47751pt on input line 
1089.
File: fig/TrollFace.jpg Graphic file (type jpg)
<use fig/TrollFace.jpg>
Package pdftex.def Info: fig/TrollFace.jpg  used on input line 1089. on input l
ine 1089.
Package pdftex.def Info: Requested size: 27.93074pt x 15.68109pt on input line 
1089.
File: fig/TrollFace.jpg Graphic file (type jpg)
<use fig/TrollFace.jpg>
Package pdftex.def Info: fig/TrollFace.jpg  used on input line 1089. on input l
ine 1089.
Package pdftex.def Info: Requested size: 27.93074pt x 15.68109pt on input line 
1089.
File: fig/akusyu1.png Graphic file (type png)
<use fig/akusyu1.png>
Package pdftex.def Info: fig/akusyu1.png  used on input line 1089. on input lin
e 1089.
Package pdftex.def Info: Requested size: 14.37648pt x 21.30136pt on input line 
1089.
File: fig/akusyu1.png Graphic file (type png)
<use fig/akusyu1.png>
Package pdftex.def Info: fig/akusyu1.png  used on input line 1089. on input lin
e 1089.
Package pdftex.def Info: Requested size: 14.37648pt x 21.30136pt on input line 
1089.
File: fig/akusyu1.png Graphic file (type png)
<use fig/akusyu1.png>
Package pdftex.def Info: fig/akusyu1.png  used on input line 1089. on input lin
e 1089.
Package pdftex.def Info: Requested size: 14.37648pt x 21.30136pt on input line 
1089.
File: fig/te.png Graphic file (type png)
<use fig/te.png>
Package pdftex.def Info: fig/te.png  used on input line 1089. on input line 108
9.
Package pdftex.def Info: Requested size: 14.37648pt x 17.35443pt on input line 
1089.
 [41

]
File: fig/te.png Graphic file (type png)
<use fig/te.png>
Package pdftex.def Info: fig/te.png  used on input line 1269. on input line 126
9.
Package pdftex.def Info: Requested size: 13.14432pt x 15.86757pt on input line 
1269.
File: fig/te.png Graphic file (type png)
<use fig/te.png>
Package pdftex.def Info: fig/te.png  used on input line 1269. on input line 126
9.
Package pdftex.def Info: Requested size: 13.14432pt x 15.86757pt on input line 
1269.
File: fig/te.png Graphic file (type png)
<use fig/te.png>
Package pdftex.def Info: fig/te.png  used on input line 1269. on input line 126
9.
Package pdftex.def Info: Requested size: 13.14432pt x 15.86757pt on input line 
1269.
File: fig/akusyu1.png Graphic file (type png)
<use fig/akusyu1.png>
Package pdftex.def Info: fig/akusyu1.png  used on input line 1269. on input lin
e 1269.
Package pdftex.def Info: Requested size: 13.14432pt x 19.47751pt on input line 
1269.
File: fig/akusyu1.png Graphic file (type png)
<use fig/akusyu1.png>
Package pdftex.def Info: fig/akusyu1.png  used on input line 1269. on input lin
e 1269.
Package pdftex.def Info: Requested size: 13.14432pt x 19.47751pt on input line 
1269.
File: fig/te.png Graphic file (type png)
<use fig/te.png>
Package pdftex.def Info: fig/te.png  used on input line 1269. on input line 126
9.
Package pdftex.def Info: Requested size: 13.14432pt x 15.86757pt on input line 
1269.
File: fig/TrollFace.jpg Graphic file (type jpg)
<use fig/TrollFace.jpg>
Package pdftex.def Info: fig/TrollFace.jpg  used on input line 1269. on input l
ine 1269.
Package pdftex.def Info: Requested size: 27.93074pt x 15.68109pt on input line 
1269.
File: fig/TrollFace.jpg Graphic file (type jpg)
<use fig/TrollFace.jpg>
Package pdftex.def Info: fig/TrollFace.jpg  used on input line 1269. on input l
ine 1269.
Package pdftex.def Info: Requested size: 27.93074pt x 15.68109pt on input line 
1269.
File: fig/akusyu1.png Graphic file (type png)
<use fig/akusyu1.png>
Package pdftex.def Info: fig/akusyu1.png  used on input line 1269. on input lin
e 1269.
Package pdftex.def Info: Requested size: 13.14432pt x 19.47751pt on input line 
1269.
File: fig/akusyu1.png Graphic file (type png)
<use fig/akusyu1.png>
Package pdftex.def Info: fig/akusyu1.png  used on input line 1269. on input lin
e 1269.
Package pdftex.def Info: Requested size: 13.14432pt x 19.47751pt on input line 
1269.
File: fig/TrollFace.jpg Graphic file (type jpg)
<use fig/TrollFace.jpg>
Package pdftex.def Info: fig/TrollFace.jpg  used on input line 1269. on input l
ine 1269.
Package pdftex.def Info: Requested size: 27.93074pt x 15.68109pt on input line 
1269.
File: fig/TrollFace.jpg Graphic file (type jpg)
<use fig/TrollFace.jpg>
Package pdftex.def Info: fig/TrollFace.jpg  used on input line 1269. on input l
ine 1269.
Package pdftex.def Info: Requested size: 27.93074pt x 15.68109pt on input line 
1269.
File: fig/te.png Graphic file (type png)
<use fig/te.png>
Package pdftex.def Info: fig/te.png  used on input line 1269. on input line 126
9.
Package pdftex.def Info: Requested size: 13.14432pt x 15.86757pt on input line 
1269.
File: fig/akusyu1.png Graphic file (type png)
<use fig/akusyu1.png>
Package pdftex.def Info: fig/akusyu1.png  used on input line 1269. on input lin
e 1269.
Package pdftex.def Info: Requested size: 14.37648pt x 21.30136pt on input line 
1269.
File: fig/akusyu1.png Graphic file (type png)
<use fig/akusyu1.png>
Package pdftex.def Info: fig/akusyu1.png  used on input line 1269. on input lin
e 1269.
Package pdftex.def Info: Requested size: 14.37648pt x 21.30136pt on input line 
1269.
File: fig/te.png Graphic file (type png)
<use fig/te.png>
Package pdftex.def Info: fig/te.png  used on input line 1269. on input line 126
9.
Package pdftex.def Info: Requested size: 14.37648pt x 17.35443pt on input line 
1269.
 [42

]
File: fig/te.png Graphic file (type png)
<use fig/te.png>
Package pdftex.def Info: fig/te.png  used on input line 1269. on input line 126
9.
Package pdftex.def Info: Requested size: 13.14432pt x 15.86757pt on input line 
1269.
File: fig/te.png Graphic file (type png)
<use fig/te.png>
Package pdftex.def Info: fig/te.png  used on input line 1269. on input line 126
9.
Package pdftex.def Info: Requested size: 13.14432pt x 15.86757pt on input line 
1269.
File: fig/te.png Graphic file (type png)
<use fig/te.png>
Package pdftex.def Info: fig/te.png  used on input line 1269. on input line 126
9.
Package pdftex.def Info: Requested size: 13.14432pt x 15.86757pt on input line 
1269.
File: fig/akusyu1.png Graphic file (type png)
<use fig/akusyu1.png>
Package pdftex.def Info: fig/akusyu1.png  used on input line 1269. on input lin
e 1269.
Package pdftex.def Info: Requested size: 13.14432pt x 19.47751pt on input line 
1269.
File: fig/akusyu1.png Graphic file (type png)
<use fig/akusyu1.png>
Package pdftex.def Info: fig/akusyu1.png  used on input line 1269. on input lin
e 1269.
Package pdftex.def Info: Requested size: 13.14432pt x 19.47751pt on input line 
1269.
File: fig/te.png Graphic file (type png)
<use fig/te.png>
Package pdftex.def Info: fig/te.png  used on input line 1269. on input line 126
9.
Package pdftex.def Info: Requested size: 13.14432pt x 15.86757pt on input line 
1269.
File: fig/TrollFace.jpg Graphic file (type jpg)
<use fig/TrollFace.jpg>
Package pdftex.def Info: fig/TrollFace.jpg  used on input line 1269. on input l
ine 1269.
Package pdftex.def Info: Requested size: 27.93074pt x 15.68109pt on input line 
1269.
File: fig/TrollFace.jpg Graphic file (type jpg)
<use fig/TrollFace.jpg>
Package pdftex.def Info: fig/TrollFace.jpg  used on input line 1269. on input l
ine 1269.
Package pdftex.def Info: Requested size: 27.93074pt x 15.68109pt on input line 
1269.
File: fig/akusyu1.png Graphic file (type png)
<use fig/akusyu1.png>
Package pdftex.def Info: fig/akusyu1.png  used on input line 1269. on input lin
e 1269.
Package pdftex.def Info: Requested size: 13.14432pt x 19.47751pt on input line 
1269.
File: fig/akusyu1.png Graphic file (type png)
<use fig/akusyu1.png>
Package pdftex.def Info: fig/akusyu1.png  used on input line 1269. on input lin
e 1269.
Package pdftex.def Info: Requested size: 13.14432pt x 19.47751pt on input line 
1269.
File: fig/TrollFace.jpg Graphic file (type jpg)
<use fig/TrollFace.jpg>
Package pdftex.def Info: fig/TrollFace.jpg  used on input line 1269. on input l
ine 1269.
Package pdftex.def Info: Requested size: 27.93074pt x 15.68109pt on input line 
1269.
File: fig/TrollFace.jpg Graphic file (type jpg)
<use fig/TrollFace.jpg>
Package pdftex.def Info: fig/TrollFace.jpg  used on input line 1269. on input l
ine 1269.
Package pdftex.def Info: Requested size: 27.93074pt x 15.68109pt on input line 
1269.
File: fig/te.png Graphic file (type png)
<use fig/te.png>
Package pdftex.def Info: fig/te.png  used on input line 1269. on input line 126
9.
Package pdftex.def Info: Requested size: 13.14432pt x 15.86757pt on input line 
1269.
File: fig/akusyu1.png Graphic file (type png)
<use fig/akusyu1.png>
Package pdftex.def Info: fig/akusyu1.png  used on input line 1269. on input lin
e 1269.
Package pdftex.def Info: Requested size: 14.37648pt x 21.30136pt on input line 
1269.
File: fig/akusyu1.png Graphic file (type png)
<use fig/akusyu1.png>
Package pdftex.def Info: fig/akusyu1.png  used on input line 1269. on input lin
e 1269.
Package pdftex.def Info: Requested size: 14.37648pt x 21.30136pt on input line 
1269.
File: fig/te.png Graphic file (type png)
<use fig/te.png>
Package pdftex.def Info: fig/te.png  used on input line 1269. on input line 126
9.
Package pdftex.def Info: Requested size: 14.37648pt x 17.35443pt on input line 
1269.
 [43

]
File: fig/te.png Graphic file (type png)
<use fig/te.png>
Package pdftex.def Info: fig/te.png  used on input line 1269. on input line 126
9.
Package pdftex.def Info: Requested size: 13.14432pt x 15.86757pt on input line 
1269.
File: fig/te.png Graphic file (type png)
<use fig/te.png>
Package pdftex.def Info: fig/te.png  used on input line 1269. on input line 126
9.
Package pdftex.def Info: Requested size: 13.14432pt x 15.86757pt on input line 
1269.
File: fig/te.png Graphic file (type png)
<use fig/te.png>
Package pdftex.def Info: fig/te.png  used on input line 1269. on input line 126
9.
Package pdftex.def Info: Requested size: 13.14432pt x 15.86757pt on input line 
1269.
File: fig/akusyu1.png Graphic file (type png)
<use fig/akusyu1.png>
Package pdftex.def Info: fig/akusyu1.png  used on input line 1269. on input lin
e 1269.
Package pdftex.def Info: Requested size: 13.14432pt x 19.47751pt on input line 
1269.
File: fig/akusyu1.png Graphic file (type png)
<use fig/akusyu1.png>
Package pdftex.def Info: fig/akusyu1.png  used on input line 1269. on input lin
e 1269.
Package pdftex.def Info: Requested size: 13.14432pt x 19.47751pt on input line 
1269.
File: fig/te.png Graphic file (type png)
<use fig/te.png>
Package pdftex.def Info: fig/te.png  used on input line 1269. on input line 126
9.
Package pdftex.def Info: Requested size: 13.14432pt x 15.86757pt on input line 
1269.
File: fig/TrollFace.jpg Graphic file (type jpg)
<use fig/TrollFace.jpg>
Package pdftex.def Info: fig/TrollFace.jpg  used on input line 1269. on input l
ine 1269.
Package pdftex.def Info: Requested size: 27.93074pt x 15.68109pt on input line 
1269.
File: fig/TrollFace.jpg Graphic file (type jpg)
<use fig/TrollFace.jpg>
Package pdftex.def Info: fig/TrollFace.jpg  used on input line 1269. on input l
ine 1269.
Package pdftex.def Info: Requested size: 27.93074pt x 15.68109pt on input line 
1269.
File: fig/akusyu1.png Graphic file (type png)
<use fig/akusyu1.png>
Package pdftex.def Info: fig/akusyu1.png  used on input line 1269. on input lin
e 1269.
Package pdftex.def Info: Requested size: 13.14432pt x 19.47751pt on input line 
1269.
File: fig/akusyu1.png Graphic file (type png)
<use fig/akusyu1.png>
Package pdftex.def Info: fig/akusyu1.png  used on input line 1269. on input lin
e 1269.
Package pdftex.def Info: Requested size: 13.14432pt x 19.47751pt on input line 
1269.
File: fig/TrollFace.jpg Graphic file (type jpg)
<use fig/TrollFace.jpg>
Package pdftex.def Info: fig/TrollFace.jpg  used on input line 1269. on input l
ine 1269.
Package pdftex.def Info: Requested size: 27.93074pt x 15.68109pt on input line 
1269.
File: fig/TrollFace.jpg Graphic file (type jpg)
<use fig/TrollFace.jpg>
Package pdftex.def Info: fig/TrollFace.jpg  used on input line 1269. on input l
ine 1269.
Package pdftex.def Info: Requested size: 27.93074pt x 15.68109pt on input line 
1269.
File: fig/te.png Graphic file (type png)
<use fig/te.png>
Package pdftex.def Info: fig/te.png  used on input line 1269. on input line 126
9.
Package pdftex.def Info: Requested size: 13.14432pt x 15.86757pt on input line 
1269.
File: fig/akusyu1.png Graphic file (type png)
<use fig/akusyu1.png>
Package pdftex.def Info: fig/akusyu1.png  used on input line 1269. on input lin
e 1269.
Package pdftex.def Info: Requested size: 14.37648pt x 21.30136pt on input line 
1269.
File: fig/akusyu1.png Graphic file (type png)
<use fig/akusyu1.png>
Package pdftex.def Info: fig/akusyu1.png  used on input line 1269. on input lin
e 1269.
Package pdftex.def Info: Requested size: 14.37648pt x 21.30136pt on input line 
1269.
File: fig/te.png Graphic file (type png)
<use fig/te.png>
Package pdftex.def Info: fig/te.png  used on input line 1269. on input line 126
9.
Package pdftex.def Info: Requested size: 14.37648pt x 17.35443pt on input line 
1269.

[44

]
File: fig/te.png Graphic file (type png)
<use fig/te.png>
Package pdftex.def Info: fig/te.png  used on input line 1269. on input line 126
9.
Package pdftex.def Info: Requested size: 13.14432pt x 15.86757pt on input line 
1269.
File: fig/te.png Graphic file (type png)
<use fig/te.png>
Package pdftex.def Info: fig/te.png  used on input line 1269. on input line 126
9.
Package pdftex.def Info: Requested size: 13.14432pt x 15.86757pt on input line 
1269.
File: fig/te.png Graphic file (type png)
<use fig/te.png>
Package pdftex.def Info: fig/te.png  used on input line 1269. on input line 126
9.
Package pdftex.def Info: Requested size: 13.14432pt x 15.86757pt on input line 
1269.
File: fig/akusyu1.png Graphic file (type png)
<use fig/akusyu1.png>
Package pdftex.def Info: fig/akusyu1.png  used on input line 1269. on input lin
e 1269.
Package pdftex.def Info: Requested size: 13.14432pt x 19.47751pt on input line 
1269.
File: fig/akusyu1.png Graphic file (type png)
<use fig/akusyu1.png>
Package pdftex.def Info: fig/akusyu1.png  used on input line 1269. on input lin
e 1269.
Package pdftex.def Info: Requested size: 13.14432pt x 19.47751pt on input line 
1269.
File: fig/te.png Graphic file (type png)
<use fig/te.png>
Package pdftex.def Info: fig/te.png  used on input line 1269. on input line 126
9.
Package pdftex.def Info: Requested size: 13.14432pt x 15.86757pt on input line 
1269.
File: fig/TrollFace.jpg Graphic file (type jpg)
<use fig/TrollFace.jpg>
Package pdftex.def Info: fig/TrollFace.jpg  used on input line 1269. on input l
ine 1269.
Package pdftex.def Info: Requested size: 27.93074pt x 15.68109pt on input line 
1269.
File: fig/TrollFace.jpg Graphic file (type jpg)
<use fig/TrollFace.jpg>
Package pdftex.def Info: fig/TrollFace.jpg  used on input line 1269. on input l
ine 1269.
Package pdftex.def Info: Requested size: 27.93074pt x 15.68109pt on input line 
1269.
File: fig/akusyu1.png Graphic file (type png)
<use fig/akusyu1.png>
Package pdftex.def Info: fig/akusyu1.png  used on input line 1269. on input lin
e 1269.
Package pdftex.def Info: Requested size: 13.14432pt x 19.47751pt on input line 
1269.
File: fig/akusyu1.png Graphic file (type png)
<use fig/akusyu1.png>
Package pdftex.def Info: fig/akusyu1.png  used on input line 1269. on input lin
e 1269.
Package pdftex.def Info: Requested size: 13.14432pt x 19.47751pt on input line 
1269.
File: fig/TrollFace.jpg Graphic file (type jpg)
<use fig/TrollFace.jpg>
Package pdftex.def Info: fig/TrollFace.jpg  used on input line 1269. on input l
ine 1269.
Package pdftex.def Info: Requested size: 27.93074pt x 15.68109pt on input line 
1269.
File: fig/TrollFace.jpg Graphic file (type jpg)
<use fig/TrollFace.jpg>
Package pdftex.def Info: fig/TrollFace.jpg  used on input line 1269. on input l
ine 1269.
Package pdftex.def Info: Requested size: 27.93074pt x 15.68109pt on input line 
1269.
File: fig/te.png Graphic file (type png)
<use fig/te.png>
Package pdftex.def Info: fig/te.png  used on input line 1269. on input line 126
9.
Package pdftex.def Info: Requested size: 13.14432pt x 15.86757pt on input line 
1269.
File: fig/akusyu1.png Graphic file (type png)
<use fig/akusyu1.png>
Package pdftex.def Info: fig/akusyu1.png  used on input line 1269. on input lin
e 1269.
Package pdftex.def Info: Requested size: 14.37648pt x 21.30136pt on input line 
1269.
File: fig/akusyu1.png Graphic file (type png)
<use fig/akusyu1.png>
Package pdftex.def Info: fig/akusyu1.png  used on input line 1269. on input lin
e 1269.
Package pdftex.def Info: Requested size: 14.37648pt x 21.30136pt on input line 
1269.
File: fig/te.png Graphic file (type png)
<use fig/te.png>
Package pdftex.def Info: fig/te.png  used on input line 1269. on input line 126
9.
Package pdftex.def Info: Requested size: 14.37648pt x 17.35443pt on input line 
1269.
 [45

]
File: fig/te.png Graphic file (type png)
<use fig/te.png>
Package pdftex.def Info: fig/te.png  used on input line 1390. on input line 139
0.
Package pdftex.def Info: Requested size: 13.14432pt x 15.86757pt on input line 
1390.
File: fig/te.png Graphic file (type png)
<use fig/te.png>
Package pdftex.def Info: fig/te.png  used on input line 1390. on input line 139
0.
Package pdftex.def Info: Requested size: 13.14432pt x 15.86757pt on input line 
1390.
File: fig/akusyu1.png Graphic file (type png)
<use fig/akusyu1.png>
Package pdftex.def Info: fig/akusyu1.png  used on input line 1390. on input lin
e 1390.
Package pdftex.def Info: Requested size: 13.14432pt x 19.47751pt on input line 
1390.
File: fig/akusyu1.png Graphic file (type png)
<use fig/akusyu1.png>
Package pdftex.def Info: fig/akusyu1.png  used on input line 1390. on input lin
e 1390.
Package pdftex.def Info: Requested size: 13.14432pt x 19.47751pt on input line 
1390.
File: fig/TrollFace.jpg Graphic file (type jpg)
<use fig/TrollFace.jpg>
Package pdftex.def Info: fig/TrollFace.jpg  used on input line 1390. on input l
ine 1390.
Package pdftex.def Info: Requested size: 27.93074pt x 15.68109pt on input line 
1390.
File: fig/TrollFace.jpg Graphic file (type jpg)
<use fig/TrollFace.jpg>
Package pdftex.def Info: fig/TrollFace.jpg  used on input line 1390. on input l
ine 1390.
Package pdftex.def Info: Requested size: 27.93074pt x 15.68109pt on input line 
1390.
File: fig/te.png Graphic file (type png)
<use fig/te.png>
Package pdftex.def Info: fig/te.png  used on input line 1390. on input line 139
0.
Package pdftex.def Info: Requested size: 13.14432pt x 15.86757pt on input line 
1390.
File: fig/akusyu1.png Graphic file (type png)
<use fig/akusyu1.png>
Package pdftex.def Info: fig/akusyu1.png  used on input line 1390. on input lin
e 1390.
Package pdftex.def Info: Requested size: 13.14432pt x 19.47751pt on input line 
1390.
File: fig/TrollFace.jpg Graphic file (type jpg)
<use fig/TrollFace.jpg>
Package pdftex.def Info: fig/TrollFace.jpg  used on input line 1390. on input l
ine 1390.
Package pdftex.def Info: Requested size: 27.93074pt x 15.68109pt on input line 
1390.
File: fig/akusyu1.png Graphic file (type png)
<use fig/akusyu1.png>
Package pdftex.def Info: fig/akusyu1.png  used on input line 1390. on input lin
e 1390.
Package pdftex.def Info: Requested size: 14.37648pt x 21.30136pt on input line 
1390.
File: fig/te.png Graphic file (type png)
<use fig/te.png>
Package pdftex.def Info: fig/te.png  used on input line 1390. on input line 139
0.
Package pdftex.def Info: Requested size: 14.37648pt x 17.35443pt on input line 
1390.
 [46

]
File: fig/te.png Graphic file (type png)
<use fig/te.png>
Package pdftex.def Info: fig/te.png  used on input line 1390. on input line 139
0.
Package pdftex.def Info: Requested size: 13.14432pt x 15.86757pt on input line 
1390.
File: fig/te.png Graphic file (type png)
<use fig/te.png>
Package pdftex.def Info: fig/te.png  used on input line 1390. on input line 139
0.
Package pdftex.def Info: Requested size: 13.14432pt x 15.86757pt on input line 
1390.
File: fig/akusyu1.png Graphic file (type png)
<use fig/akusyu1.png>
Package pdftex.def Info: fig/akusyu1.png  used on input line 1390. on input lin
e 1390.
Package pdftex.def Info: Requested size: 13.14432pt x 19.47751pt on input line 
1390.
File: fig/akusyu1.png Graphic file (type png)
<use fig/akusyu1.png>
Package pdftex.def Info: fig/akusyu1.png  used on input line 1390. on input lin
e 1390.
Package pdftex.def Info: Requested size: 13.14432pt x 19.47751pt on input line 
1390.
File: fig/TrollFace.jpg Graphic file (type jpg)
<use fig/TrollFace.jpg>
Package pdftex.def Info: fig/TrollFace.jpg  used on input line 1390. on input l
ine 1390.
Package pdftex.def Info: Requested size: 27.93074pt x 15.68109pt on input line 
1390.
File: fig/TrollFace.jpg Graphic file (type jpg)
<use fig/TrollFace.jpg>
Package pdftex.def Info: fig/TrollFace.jpg  used on input line 1390. on input l
ine 1390.
Package pdftex.def Info: Requested size: 27.93074pt x 15.68109pt on input line 
1390.
File: fig/te.png Graphic file (type png)
<use fig/te.png>
Package pdftex.def Info: fig/te.png  used on input line 1390. on input line 139
0.
Package pdftex.def Info: Requested size: 13.14432pt x 15.86757pt on input line 
1390.
File: fig/akusyu1.png Graphic file (type png)
<use fig/akusyu1.png>
Package pdftex.def Info: fig/akusyu1.png  used on input line 1390. on input lin
e 1390.
Package pdftex.def Info: Requested size: 13.14432pt x 19.47751pt on input line 
1390.
File: fig/TrollFace.jpg Graphic file (type jpg)
<use fig/TrollFace.jpg>
Package pdftex.def Info: fig/TrollFace.jpg  used on input line 1390. on input l
ine 1390.
Package pdftex.def Info: Requested size: 27.93074pt x 15.68109pt on input line 
1390.
File: fig/akusyu1.png Graphic file (type png)
<use fig/akusyu1.png>
Package pdftex.def Info: fig/akusyu1.png  used on input line 1390. on input lin
e 1390.
Package pdftex.def Info: Requested size: 14.37648pt x 21.30136pt on input line 
1390.
File: fig/te.png Graphic file (type png)
<use fig/te.png>
Package pdftex.def Info: fig/te.png  used on input line 1390. on input line 139
0.
Package pdftex.def Info: Requested size: 14.37648pt x 17.35443pt on input line 
1390.
 [47

]
File: fig/te.png Graphic file (type png)
<use fig/te.png>
Package pdftex.def Info: fig/te.png  used on input line 1390. on input line 139
0.
Package pdftex.def Info: Requested size: 13.14432pt x 15.86757pt on input line 
1390.
File: fig/te.png Graphic file (type png)
<use fig/te.png>
Package pdftex.def Info: fig/te.png  used on input line 1390. on input line 139
0.
Package pdftex.def Info: Requested size: 13.14432pt x 15.86757pt on input line 
1390.
File: fig/akusyu1.png Graphic file (type png)
<use fig/akusyu1.png>
Package pdftex.def Info: fig/akusyu1.png  used on input line 1390. on input lin
e 1390.
Package pdftex.def Info: Requested size: 13.14432pt x 19.47751pt on input line 
1390.
File: fig/akusyu1.png Graphic file (type png)
<use fig/akusyu1.png>
Package pdftex.def Info: fig/akusyu1.png  used on input line 1390. on input lin
e 1390.
Package pdftex.def Info: Requested size: 13.14432pt x 19.47751pt on input line 
1390.
File: fig/TrollFace.jpg Graphic file (type jpg)
<use fig/TrollFace.jpg>
Package pdftex.def Info: fig/TrollFace.jpg  used on input line 1390. on input l
ine 1390.
Package pdftex.def Info: Requested size: 27.93074pt x 15.68109pt on input line 
1390.
File: fig/TrollFace.jpg Graphic file (type jpg)
<use fig/TrollFace.jpg>
Package pdftex.def Info: fig/TrollFace.jpg  used on input line 1390. on input l
ine 1390.
Package pdftex.def Info: Requested size: 27.93074pt x 15.68109pt on input line 
1390.
File: fig/te.png Graphic file (type png)
<use fig/te.png>
Package pdftex.def Info: fig/te.png  used on input line 1390. on input line 139
0.
Package pdftex.def Info: Requested size: 13.14432pt x 15.86757pt on input line 
1390.
File: fig/akusyu1.png Graphic file (type png)
<use fig/akusyu1.png>
Package pdftex.def Info: fig/akusyu1.png  used on input line 1390. on input lin
e 1390.
Package pdftex.def Info: Requested size: 13.14432pt x 19.47751pt on input line 
1390.
File: fig/TrollFace.jpg Graphic file (type jpg)
<use fig/TrollFace.jpg>
Package pdftex.def Info: fig/TrollFace.jpg  used on input line 1390. on input l
ine 1390.
Package pdftex.def Info: Requested size: 27.93074pt x 15.68109pt on input line 
1390.
File: fig/akusyu1.png Graphic file (type png)
<use fig/akusyu1.png>
Package pdftex.def Info: fig/akusyu1.png  used on input line 1390. on input lin
e 1390.
Package pdftex.def Info: Requested size: 14.37648pt x 21.30136pt on input line 
1390.
File: fig/te.png Graphic file (type png)
<use fig/te.png>
Package pdftex.def Info: fig/te.png  used on input line 1390. on input line 139
0.
Package pdftex.def Info: Requested size: 14.37648pt x 17.35443pt on input line 
1390.
 [48

]
File: fig/te.png Graphic file (type png)
<use fig/te.png>
Package pdftex.def Info: fig/te.png  used on input line 1390. on input line 139
0.
Package pdftex.def Info: Requested size: 13.14432pt x 15.86757pt on input line 
1390.
File: fig/te.png Graphic file (type png)
<use fig/te.png>
Package pdftex.def Info: fig/te.png  used on input line 1390. on input line 139
0.
Package pdftex.def Info: Requested size: 13.14432pt x 15.86757pt on input line 
1390.
File: fig/akusyu1.png Graphic file (type png)
<use fig/akusyu1.png>
Package pdftex.def Info: fig/akusyu1.png  used on input line 1390. on input lin
e 1390.
Package pdftex.def Info: Requested size: 13.14432pt x 19.47751pt on input line 
1390.
File: fig/akusyu1.png Graphic file (type png)
<use fig/akusyu1.png>
Package pdftex.def Info: fig/akusyu1.png  used on input line 1390. on input lin
e 1390.
Package pdftex.def Info: Requested size: 13.14432pt x 19.47751pt on input line 
1390.
File: fig/TrollFace.jpg Graphic file (type jpg)
<use fig/TrollFace.jpg>
Package pdftex.def Info: fig/TrollFace.jpg  used on input line 1390. on input l
ine 1390.
Package pdftex.def Info: Requested size: 27.93074pt x 15.68109pt on input line 
1390.
File: fig/TrollFace.jpg Graphic file (type jpg)
<use fig/TrollFace.jpg>
Package pdftex.def Info: fig/TrollFace.jpg  used on input line 1390. on input l
ine 1390.
Package pdftex.def Info: Requested size: 27.93074pt x 15.68109pt on input line 
1390.
File: fig/te.png Graphic file (type png)
<use fig/te.png>
Package pdftex.def Info: fig/te.png  used on input line 1390. on input line 139
0.
Package pdftex.def Info: Requested size: 13.14432pt x 15.86757pt on input line 
1390.
File: fig/akusyu1.png Graphic file (type png)
<use fig/akusyu1.png>
Package pdftex.def Info: fig/akusyu1.png  used on input line 1390. on input lin
e 1390.
Package pdftex.def Info: Requested size: 13.14432pt x 19.47751pt on input line 
1390.
File: fig/TrollFace.jpg Graphic file (type jpg)
<use fig/TrollFace.jpg>
Package pdftex.def Info: fig/TrollFace.jpg  used on input line 1390. on input l
ine 1390.
Package pdftex.def Info: Requested size: 27.93074pt x 15.68109pt on input line 
1390.
File: fig/akusyu1.png Graphic file (type png)
<use fig/akusyu1.png>
Package pdftex.def Info: fig/akusyu1.png  used on input line 1390. on input lin
e 1390.
Package pdftex.def Info: Requested size: 14.37648pt x 21.30136pt on input line 
1390.
File: fig/te.png Graphic file (type png)
<use fig/te.png>
Package pdftex.def Info: fig/te.png  used on input line 1390. on input line 139
0.
Package pdftex.def Info: Requested size: 14.37648pt x 17.35443pt on input line 
1390.
 [49

]
File: fig/te.png Graphic file (type png)
<use fig/te.png>
Package pdftex.def Info: fig/te.png  used on input line 1390. on input line 139
0.
Package pdftex.def Info: Requested size: 13.14432pt x 15.86757pt on input line 
1390.
File: fig/te.png Graphic file (type png)
<use fig/te.png>
Package pdftex.def Info: fig/te.png  used on input line 1390. on input line 139
0.
Package pdftex.def Info: Requested size: 13.14432pt x 15.86757pt on input line 
1390.
File: fig/akusyu1.png Graphic file (type png)
<use fig/akusyu1.png>
Package pdftex.def Info: fig/akusyu1.png  used on input line 1390. on input lin
e 1390.
Package pdftex.def Info: Requested size: 13.14432pt x 19.47751pt on input line 
1390.
File: fig/akusyu1.png Graphic file (type png)
<use fig/akusyu1.png>
Package pdftex.def Info: fig/akusyu1.png  used on input line 1390. on input lin
e 1390.
Package pdftex.def Info: Requested size: 13.14432pt x 19.47751pt on input line 
1390.
File: fig/TrollFace.jpg Graphic file (type jpg)
<use fig/TrollFace.jpg>
Package pdftex.def Info: fig/TrollFace.jpg  used on input line 1390. on input l
ine 1390.
Package pdftex.def Info: Requested size: 27.93074pt x 15.68109pt on input line 
1390.
File: fig/TrollFace.jpg Graphic file (type jpg)
<use fig/TrollFace.jpg>
Package pdftex.def Info: fig/TrollFace.jpg  used on input line 1390. on input l
ine 1390.
Package pdftex.def Info: Requested size: 27.93074pt x 15.68109pt on input line 
1390.
File: fig/te.png Graphic file (type png)
<use fig/te.png>
Package pdftex.def Info: fig/te.png  used on input line 1390. on input line 139
0.
Package pdftex.def Info: Requested size: 13.14432pt x 15.86757pt on input line 
1390.
File: fig/akusyu1.png Graphic file (type png)
<use fig/akusyu1.png>
Package pdftex.def Info: fig/akusyu1.png  used on input line 1390. on input lin
e 1390.
Package pdftex.def Info: Requested size: 13.14432pt x 19.47751pt on input line 
1390.
File: fig/TrollFace.jpg Graphic file (type jpg)
<use fig/TrollFace.jpg>
Package pdftex.def Info: fig/TrollFace.jpg  used on input line 1390. on input l
ine 1390.
Package pdftex.def Info: Requested size: 27.93074pt x 15.68109pt on input line 
1390.
File: fig/akusyu1.png Graphic file (type png)
<use fig/akusyu1.png>
Package pdftex.def Info: fig/akusyu1.png  used on input line 1390. on input lin
e 1390.
Package pdftex.def Info: Requested size: 14.37648pt x 21.30136pt on input line 
1390.
File: fig/te.png Graphic file (type png)
<use fig/te.png>
Package pdftex.def Info: fig/te.png  used on input line 1390. on input line 139
0.
Package pdftex.def Info: Requested size: 14.37648pt x 17.35443pt on input line 
1390.
 [50

]
File: fig/te.png Graphic file (type png)
<use fig/te.png>
Package pdftex.def Info: fig/te.png  used on input line 1483. on input line 148
3.
Package pdftex.def Info: Requested size: 13.69243pt x 16.52814pt on input line 
1483.
File: fig/te.png Graphic file (type png)
<use fig/te.png>
Package pdftex.def Info: fig/te.png  used on input line 1483. on input line 148
3.
Package pdftex.def Info: Requested size: 13.69243pt x 16.52814pt on input line 
1483.
 [51

] [52

] [53

] [54

] [55

] [56

]
File: fig/TrollFace.jpg Graphic file (type jpg)
<use fig/TrollFace.jpg>
Package pdftex.def Info: fig/TrollFace.jpg  used on input line 1840. on input l
ine 1840.
Package pdftex.def Info: Requested size: 25.6724pt x 14.42397pt on input line 1
840.
 [57

]
File: fig/TrollFace.jpg Graphic file (type jpg)
<use fig/TrollFace.jpg>
Package pdftex.def Info: fig/TrollFace.jpg  used on input line 1840. on input l
ine 1840.
Package pdftex.def Info: Requested size: 25.6724pt x 14.42397pt on input line 1
840.
 [58

])
(./TAMC2019.bbl) [59

]
\tf@nav=\write6
\openout6 = `TAMC2019.nav'.

\tf@toc=\write7
\openout7 = `TAMC2019.toc'.

\tf@snm=\write8
\openout8 = `TAMC2019.snm'.

Package atveryend Info: Empty hook `BeforeClearDocument' on input line 60.
Package atveryend Info: Empty hook `AfterLastShipout' on input line 60.
 (./TAMC2019.aux)
Package atveryend Info: Executing hook `AtVeryEndDocument' on input line 60.
Package atveryend Info: Executing hook `AtEndAfterFileList' on input line 60.
Package rerunfilecheck Info: File `TAMC2019.out' has not changed.
(rerunfilecheck)             Checksum: 0E0E257D26045A2451EA8243BA397221;857.


LaTeX Warning: There were multiply-defined labels.

 ) 
Here is how much of TeX's memory you used:
 21649 strings out of 492985
 418915 string characters out of 6132586
 973484 words of memory out of 5000000
 24536 multiletter control sequences out of 15000+600000
 66209 words of font info for 166 fonts, out of 8000000 for 9000
 1141 hyphenation exceptions out of 8191
 56i,18n,60p,796b,1032s stack positions out of 5000i,500n,10000p,200000b,80000s
{/usr/local/texlive/2017/texmf-dist/fonts/enc/dvips/base/8r.enc}</usr/local/t
exlive/2017/texmf-dist/fonts/type1/public/amsfonts/cm/cmss10.pfb></usr/local/te
xlive/2017/texmf-dist/fonts/type1/public/amsfonts/cm/cmss12.pfb></usr/local/tex
live/2017/texmf-dist/fonts/type1/public/amsfonts/cm/cmss9.pfb></usr/local/texli
ve/2017/texmf-dist/fonts/type1/public/pxfonts/pxsy.pfb></usr/local/texlive/2017
/texmf-dist/fonts/type1/public/pxfonts/rpxmi.pfb></usr/local/texlive/2017/texmf
-dist/fonts/type1/urw/helvetic/uhvr8a.pfb></usr/local/texlive/2017/texmf-dist/f
onts/type1/urw/helvetic/uhvr8a.pfb></usr/local/texlive/2017/texmf-dist/fonts/ty
pe1/public/wasy2-ps/wasy10.pfb>
Output written on TAMC2019.pdf (59 pages, 804306 bytes).
PDF statistics:
 474 PDF objects out of 1000 (max. 8388607)
 376 compressed objects within 4 object streams
 134 named destinations out of 1000 (max. 500000)
 233 words of extra memory for PDF output out of 10000 (max. 10000000)

